<?xml version="1.0" encoding="UTF-8"?>
<testsuite name="org.example.walletservice.wallet.adapter.out.persistence.repsitory.JpaWalletRepositoryTest" tests="5" skipped="0" failures="0" errors="0" timestamp="2024-08-29T12:04:52" hostname="gangchanghwan-ui-MacBookPro.local" time="1.829">
  <properties/>
  <testcase name="repetition 1 of 5" classname="org.example.walletservice.wallet.adapter.out.persistence.repsitory.JpaWalletRepositoryTest" time="1.074"/>
  <testcase name="repetition 2 of 5" classname="org.example.walletservice.wallet.adapter.out.persistence.repsitory.JpaWalletRepositoryTest" time="0.234"/>
  <testcase name="repetition 3 of 5" classname="org.example.walletservice.wallet.adapter.out.persistence.repsitory.JpaWalletRepositoryTest" time="0.153"/>
  <testcase name="repetition 4 of 5" classname="org.example.walletservice.wallet.adapter.out.persistence.repsitory.JpaWalletRepositoryTest" time="0.141"/>
  <testcase name="repetition 5 of 5" classname="org.example.walletservice.wallet.adapter.out.persistence.repsitory.JpaWalletRepositoryTest" time="0.215"/>
  <system-out><![CDATA[21:04:46.305 [Test worker] INFO org.springframework.test.context.support.AnnotationConfigContextLoaderUtils -- Could not detect default configuration classes for test class [org.example.walletservice.wallet.adapter.out.persistence.repsitory.JpaWalletRepositoryTest]: JpaWalletRepositoryTest does not declare any static, non-private, non-final, nested classes annotated with @Configuration.
21:04:46.438 [Test worker] INFO org.springframework.boot.test.context.SpringBootTestContextBootstrapper -- Found @SpringBootConfiguration org.example.walletservice.WalletserviceApplication for test class org.example.walletservice.wallet.adapter.out.persistence.repsitory.JpaWalletRepositoryTest

  .   ____          _            __ _ _
 /\\ / ___'_ __ _ _(_)_ __  __ _ \ \ \ \
( ( )\___ | '_ | '_| | '_ \/ _` | \ \ \ \
 \\/  ___)| |_)| | | | | || (_| |  ) ) ) )
  '  |____| .__|_| |_|_| |_\__, | / / / /
 =========|_|==============|___/=/_/_/_/
 :: Spring Boot ::                (v3.2.9)

2024-08-29T21:04:46.880+09:00  INFO 42267 --- [wallet-service] [    Test worker] o.e.w.w.a.o.p.r.JpaWalletRepositoryTest  : Starting JpaWalletRepositoryTest using Java 17.0.10 with PID 42267 (started by gangchanghwan in /Users/gangchanghwan/Documents/practice/payment-service/walletservice)
2024-08-29T21:04:46.881+09:00  INFO 42267 --- [wallet-service] [    Test worker] o.e.w.w.a.o.p.r.JpaWalletRepositoryTest  : No active profile set, falling back to 1 default profile: "default"
2024-08-29T21:04:47.607+09:00  INFO 42267 --- [wallet-service] [    Test worker] .s.d.r.c.RepositoryConfigurationDelegate : Bootstrapping Spring Data JPA repositories in DEFAULT mode.
2024-08-29T21:04:47.765+09:00  INFO 42267 --- [wallet-service] [    Test worker] .s.d.r.c.RepositoryConfigurationDelegate : Finished Spring Data repository scanning in 150 ms. Found 3 JPA repository interfaces.
2024-08-29T21:04:47.911+09:00  INFO 42267 --- [wallet-service] [    Test worker] faultConfiguringBeanFactoryPostProcessor : No bean named 'errorChannel' has been explicitly defined. Therefore, a default PublishSubscribeChannel will be created.
2024-08-29T21:04:47.920+09:00  INFO 42267 --- [wallet-service] [    Test worker] faultConfiguringBeanFactoryPostProcessor : No bean named 'integrationHeaderChannelRegistry' has been explicitly defined. Therefore, a default DefaultHeaderChannelRegistry will be created.
2024-08-29T21:04:48.116+09:00 TRACE 42267 --- [wallet-service] [    Test worker] KafkaListenerAnnotationBeanPostProcessor : No @KafkaListener annotations found on bean type: class org.springframework.transaction.annotation.ProxyTransactionManagementConfiguration
2024-08-29T21:04:48.118+09:00 TRACE 42267 --- [wallet-service] [    Test worker] KafkaListenerAnnotationBeanPostProcessor : No @KafkaListener annotations found on bean type: class org.springframework.transaction.annotation.AnnotationTransactionAttributeSource
2024-08-29T21:04:48.125+09:00 TRACE 42267 --- [wallet-service] [    Test worker] KafkaListenerAnnotationBeanPostProcessor : No @KafkaListener annotations found on bean type: class org.springframework.transaction.interceptor.TransactionInterceptor
2024-08-29T21:04:48.128+09:00 TRACE 42267 --- [wallet-service] [    Test worker] KafkaListenerAnnotationBeanPostProcessor : No @KafkaListener annotations found on bean type: class org.springframework.transaction.interceptor.BeanFactoryTransactionAttributeSourceAdvisor
2024-08-29T21:04:48.141+09:00 TRACE 42267 --- [wallet-service] [    Test worker] KafkaListenerAnnotationBeanPostProcessor : No @KafkaListener annotations found on bean type: class org.springframework.data.web.config.ProjectingArgumentResolverRegistrar$ProjectingArgumentResolverBeanPostProcessor
2024-08-29T21:04:48.142+09:00 TRACE 42267 --- [wallet-service] [    Test worker] KafkaListenerAnnotationBeanPostProcessor : No @KafkaListener annotations found on bean type: class org.springframework.integration.config.IntegrationManagementConfiguration
2024-08-29T21:04:48.144+09:00 TRACE 42267 --- [wallet-service] [    Test worker] KafkaListenerAnnotationBeanPostProcessor : No @KafkaListener annotations found on bean type: class org.springframework.integration.config.IntegrationManagementConfigurer
2024-08-29T21:04:48.145+09:00 TRACE 42267 --- [wallet-service] [    Test worker] KafkaListenerAnnotationBeanPostProcessor : No @KafkaListener annotations found on bean type: class org.springframework.integration.config.MessagingAnnotationBeanPostProcessor
2024-08-29T21:04:48.147+09:00 TRACE 42267 --- [wallet-service] [    Test worker] KafkaListenerAnnotationBeanPostProcessor : No @KafkaListener annotations found on bean type: class org.springframework.integration.config.GatewayProxyInstantiationPostProcessor
2024-08-29T21:04:48.148+09:00 TRACE 42267 --- [wallet-service] [    Test worker] KafkaListenerAnnotationBeanPostProcessor : No @KafkaListener annotations found on bean type: class org.springframework.cloud.stream.config.BindingServiceConfiguration$1
2024-08-29T21:04:48.149+09:00 TRACE 42267 --- [wallet-service] [    Test worker] KafkaListenerAnnotationBeanPostProcessor : No @KafkaListener annotations found on bean type: class org.springframework.integration.config.GlobalChannelInterceptorProcessor
2024-08-29T21:04:48.152+09:00 TRACE 42267 --- [wallet-service] [    Test worker] KafkaListenerAnnotationBeanPostProcessor : No @KafkaListener annotations found on bean type: class org.springframework.integration.dsl.context.IntegrationFlowBeanPostProcessor
2024-08-29T21:04:48.153+09:00 TRACE 42267 --- [wallet-service] [    Test worker] KafkaListenerAnnotationBeanPostProcessor : No @KafkaListener annotations found on bean type: class org.springframework.integration.dsl.BaseIntegrationFlowDefinition$ReplyProducerCleaner
2024-08-29T21:04:48.157+09:00 TRACE 42267 --- [wallet-service] [    Test worker] KafkaListenerAnnotationBeanPostProcessor : No @KafkaListener annotations found on bean type: class org.springframework.boot.autoconfigure.sql.init.DataSourceInitializationConfiguration
2024-08-29T21:04:48.158+09:00 TRACE 42267 --- [wallet-service] [    Test worker] KafkaListenerAnnotationBeanPostProcessor : No @KafkaListener annotations found on bean type: class org.springframework.boot.autoconfigure.jdbc.DataSourceConfiguration$Hikari
2024-08-29T21:04:48.160+09:00 TRACE 42267 --- [wallet-service] [    Test worker] KafkaListenerAnnotationBeanPostProcessor : No @KafkaListener annotations found on bean type: class org.springframework.boot.context.properties.BoundConfigurationProperties
2024-08-29T21:04:48.165+09:00 TRACE 42267 --- [wallet-service] [    Test worker] KafkaListenerAnnotationBeanPostProcessor : No @KafkaListener annotations found on bean type: class org.springframework.cloud.stream.config.BindingServiceConfiguration
2024-08-29T21:04:48.166+09:00 TRACE 42267 --- [wallet-service] [    Test worker] KafkaListenerAnnotationBeanPostProcessor : No @KafkaListener annotations found on bean type: class org.springframework.cloud.stream.binder.kafka.config.ExtendedBindingHandlerMappingsProviderConfiguration
2024-08-29T21:04:48.167+09:00 TRACE 42267 --- [wallet-service] [    Test worker] KafkaListenerAnnotationBeanPostProcessor : No @KafkaListener annotations found on bean type: class org.springframework.cloud.stream.binder.kafka.config.ExtendedBindingHandlerMappingsProviderConfiguration$$Lambda$1001/0x00000001265ebf18
2024-08-29T21:04:48.168+09:00 TRACE 42267 --- [wallet-service] [    Test worker] KafkaListenerAnnotationBeanPostProcessor : No @KafkaListener annotations found on bean type: class org.springframework.cloud.stream.config.BindingHandlerAdvise
2024-08-29T21:04:48.170+09:00 TRACE 42267 --- [wallet-service] [    Test worker] KafkaListenerAnnotationBeanPostProcessor : No @KafkaListener annotations found on bean type: class org.springframework.cloud.stream.config.SpelExpressionConverterConfiguration
2024-08-29T21:04:48.176+09:00 TRACE 42267 --- [wallet-service] [    Test worker] KafkaListenerAnnotationBeanPostProcessor : No @KafkaListener annotations found on bean type: class org.springframework.cloud.stream.config.SpelExpressionConverterConfiguration$SpelConverter
2024-08-29T21:04:48.187+09:00 TRACE 42267 --- [wallet-service] [    Test worker] KafkaListenerAnnotationBeanPostProcessor : No @KafkaListener annotations found on bean type: class org.springframework.boot.autoconfigure.jdbc.DataSourceProperties
2024-08-29T21:04:48.189+09:00 TRACE 42267 --- [wallet-service] [    Test worker] KafkaListenerAnnotationBeanPostProcessor : No @KafkaListener annotations found on bean type: class org.springframework.boot.autoconfigure.jdbc.DataSourceAutoConfiguration$PooledDataSourceConfiguration
2024-08-29T21:04:48.190+09:00 TRACE 42267 --- [wallet-service] [    Test worker] KafkaListenerAnnotationBeanPostProcessor : No @KafkaListener annotations found on bean type: class org.springframework.boot.autoconfigure.jdbc.PropertiesJdbcConnectionDetails
2024-08-29T21:04:48.210+09:00 TRACE 42267 --- [wallet-service] [    Test worker] KafkaListenerAnnotationBeanPostProcessor : No @KafkaListener annotations found on bean type: class com.zaxxer.hikari.HikariDataSource
2024-08-29T21:04:48.214+09:00 TRACE 42267 --- [wallet-service] [    Test worker] KafkaListenerAnnotationBeanPostProcessor : No @KafkaListener annotations found on bean type: class org.springframework.boot.autoconfigure.sql.init.SqlInitializationProperties
2024-08-29T21:04:48.226+09:00  INFO 42267 --- [wallet-service] [    Test worker] com.zaxxer.hikari.HikariDataSource       : HikariPool-1 - Starting...
2024-08-29T21:04:48.516+09:00  INFO 42267 --- [wallet-service] [    Test worker] com.zaxxer.hikari.pool.HikariPool        : HikariPool-1 - Added connection com.mysql.cj.jdbc.ConnectionImpl@44ddb518
2024-08-29T21:04:48.518+09:00  INFO 42267 --- [wallet-service] [    Test worker] com.zaxxer.hikari.HikariDataSource       : HikariPool-1 - Start completed.
2024-08-29T21:04:48.533+09:00 TRACE 42267 --- [wallet-service] [    Test worker] KafkaListenerAnnotationBeanPostProcessor : No @KafkaListener annotations found on bean type: class org.springframework.boot.autoconfigure.sql.init.SqlDataSourceScriptDatabaseInitializer
2024-08-29T21:04:48.539+09:00 TRACE 42267 --- [wallet-service] [    Test worker] KafkaListenerAnnotationBeanPostProcessor : No @KafkaListener annotations found on bean type: class org.springframework.boot.autoconfigure.orm.jpa.JpaProperties
2024-08-29T21:04:48.542+09:00 TRACE 42267 --- [wallet-service] [    Test worker] KafkaListenerAnnotationBeanPostProcessor : No @KafkaListener annotations found on bean type: class org.springframework.boot.autoconfigure.orm.jpa.HibernateProperties
2024-08-29T21:04:48.544+09:00 TRACE 42267 --- [wallet-service] [    Test worker] KafkaListenerAnnotationBeanPostProcessor : No @KafkaListener annotations found on bean type: class org.springframework.boot.autoconfigure.jdbc.metadata.DataSourcePoolMetadataProvidersConfiguration$HikariPoolDataSourceMetadataProviderConfiguration
2024-08-29T21:04:48.545+09:00 TRACE 42267 --- [wallet-service] [    Test worker] KafkaListenerAnnotationBeanPostProcessor : No @KafkaListener annotations found on bean type: class org.springframework.boot.autoconfigure.jdbc.metadata.DataSourcePoolMetadataProvidersConfiguration$HikariPoolDataSourceMetadataProviderConfiguration$$Lambda$1099/0x00000001266cc828
2024-08-29T21:04:48.548+09:00 TRACE 42267 --- [wallet-service] [    Test worker] KafkaListenerAnnotationBeanPostProcessor : No @KafkaListener annotations found on bean type: class org.springframework.boot.autoconfigure.orm.jpa.HibernateJpaConfiguration
2024-08-29T21:04:48.562+09:00 TRACE 42267 --- [wallet-service] [    Test worker] KafkaListenerAnnotationBeanPostProcessor : No @KafkaListener annotations found on bean type: class org.springframework.orm.jpa.vendor.HibernateJpaVendorAdapter
2024-08-29T21:04:48.566+09:00 TRACE 42267 --- [wallet-service] [    Test worker] KafkaListenerAnnotationBeanPostProcessor : No @KafkaListener annotations found on bean type: class org.springframework.boot.orm.jpa.EntityManagerFactoryBuilder
2024-08-29T21:04:48.576+09:00 TRACE 42267 --- [wallet-service] [    Test worker] KafkaListenerAnnotationBeanPostProcessor : No @KafkaListener annotations found on bean type: class org.springframework.orm.jpa.persistenceunit.SimplePersistenceManagedTypes
2024-08-29T21:04:48.592+09:00 DEBUG 42267 --- [wallet-service] [    Test worker] j.LocalContainerEntityManagerFactoryBean : Building JPA container EntityManagerFactory for persistence unit 'default'
2024-08-29T21:04:48.609+09:00  INFO 42267 --- [wallet-service] [    Test worker] o.hibernate.jpa.internal.util.LogHelper  : HHH000204: Processing PersistenceUnitInfo [name: default]
2024-08-29T21:04:48.682+09:00  INFO 42267 --- [wallet-service] [    Test worker] org.hibernate.Version                    : HHH000412: Hibernate ORM core version 6.4.10.Final
2024-08-29T21:04:48.728+09:00  INFO 42267 --- [wallet-service] [    Test worker] o.h.c.internal.RegionFactoryInitiator    : HHH000026: Second-level cache disabled
2024-08-29T21:04:49.003+09:00  INFO 42267 --- [wallet-service] [    Test worker] o.s.o.j.p.SpringPersistenceUnitInfo      : No LoadTimeWeaver setup: ignoring JPA class transformer
2024-08-29T21:04:49.064+09:00  WARN 42267 --- [wallet-service] [    Test worker] org.hibernate.orm.deprecation            : HHH90000025: MySQL8Dialect does not need to be specified explicitly using 'hibernate.dialect' (remove the property setting and it will be selected by default)
2024-08-29T21:04:49.064+09:00  WARN 42267 --- [wallet-service] [    Test worker] org.hibernate.orm.deprecation            : HHH90000026: MySQL8Dialect has been deprecated; use org.hibernate.dialect.MySQLDialect instead
2024-08-29T21:04:49.810+09:00  INFO 42267 --- [wallet-service] [    Test worker] o.h.e.t.j.p.i.JtaPlatformInitiator       : HHH000489: No JTA platform available (set 'hibernate.transaction.jta.platform' to enable JTA platform integration)
2024-08-29T21:04:49.861+09:00  INFO 42267 --- [wallet-service] [    Test worker] j.LocalContainerEntityManagerFactoryBean : Initialized JPA EntityManagerFactory for persistence unit 'default'
2024-08-29T21:04:49.865+09:00 TRACE 42267 --- [wallet-service] [    Test worker] KafkaListenerAnnotationBeanPostProcessor : No @KafkaListener annotations found on bean type: class org.springframework.orm.jpa.LocalContainerEntityManagerFactoryBean
2024-08-29T21:04:49.868+09:00 TRACE 42267 --- [wallet-service] [    Test worker] KafkaListenerAnnotationBeanPostProcessor : No @KafkaListener annotations found on bean type: class org.example.walletservice.WalletserviceApplication$$SpringCGLIB$$0
2024-08-29T21:04:49.889+09:00 TRACE 42267 --- [wallet-service] [    Test worker] KafkaListenerAnnotationBeanPostProcessor : No @KafkaListener annotations found on bean type: class org.springframework.data.repository.config.PropertiesBasedNamedQueriesFactoryBean
2024-08-29T21:04:49.890+09:00 TRACE 42267 --- [wallet-service] [    Test worker] KafkaListenerAnnotationBeanPostProcessor : No @KafkaListener annotations found on bean type: class org.springframework.data.repository.core.support.PropertiesBasedNamedQueries
2024-08-29T21:04:49.891+09:00 TRACE 42267 --- [wallet-service] [    Test worker] KafkaListenerAnnotationBeanPostProcessor : No @KafkaListener annotations found on bean type: class org.springframework.data.repository.core.support.RepositoryFragmentsFactoryBean
2024-08-29T21:04:49.898+09:00 TRACE 42267 --- [wallet-service] [    Test worker] KafkaListenerAnnotationBeanPostProcessor : No @KafkaListener annotations found on bean type: class org.springframework.data.repository.core.support.RepositoryComposition$RepositoryFragments
2024-08-29T21:04:49.901+09:00 TRACE 42267 --- [wallet-service] [    Test worker] KafkaListenerAnnotationBeanPostProcessor : No @KafkaListener annotations found on bean type: class jdk.proxy3.$Proxy132
2024-08-29T21:04:49.926+09:00 TRACE 42267 --- [wallet-service] [    Test worker] KafkaListenerAnnotationBeanPostProcessor : No @KafkaListener annotations found on bean type: class jdk.proxy3.$Proxy136
2024-08-29T21:04:49.944+09:00 TRACE 42267 --- [wallet-service] [    Test worker] KafkaListenerAnnotationBeanPostProcessor : No @KafkaListener annotations found on bean type: class org.springframework.data.jpa.repository.config.JpaMetamodelMappingContextFactoryBean
2024-08-29T21:04:49.950+09:00 TRACE 42267 --- [wallet-service] [    Test worker] KafkaListenerAnnotationBeanPostProcessor : No @KafkaListener annotations found on bean type: class org.springframework.data.jpa.mapping.JpaMetamodelMappingContext
2024-08-29T21:04:49.964+09:00 DEBUG 42267 --- [wallet-service] [    Test worker] tor$SharedEntityManagerInvocationHandler : Creating new EntityManager for shared EntityManager invocation
2024-08-29T21:04:49.994+09:00 DEBUG 42267 --- [wallet-service] [    Test worker] tor$SharedEntityManagerInvocationHandler : Creating new EntityManager for shared EntityManager invocation
2024-08-29T21:04:50.062+09:00 DEBUG 42267 --- [wallet-service] [    Test worker] tor$SharedEntityManagerInvocationHandler : Creating new EntityManager for shared EntityManager invocation
2024-08-29T21:04:50.274+09:00 DEBUG 42267 --- [wallet-service] [    Test worker] tor$SharedEntityManagerInvocationHandler : Creating new EntityManager for shared EntityManager invocation
2024-08-29T21:04:50.323+09:00 TRACE 42267 --- [wallet-service] [    Test worker] KafkaListenerAnnotationBeanPostProcessor : No @KafkaListener annotations found on bean type: class org.springframework.data.jpa.repository.support.JpaRepositoryFactoryBean
2024-08-29T21:04:50.326+09:00 TRACE 42267 --- [wallet-service] [    Test worker] KafkaListenerAnnotationBeanPostProcessor : No @KafkaListener annotations found on bean type: class jdk.proxy3.$Proxy141
2024-08-29T21:04:50.332+09:00 TRACE 42267 --- [wallet-service] [    Test worker] KafkaListenerAnnotationBeanPostProcessor : No @KafkaListener annotations found on bean type: class org.example.walletservice.wallet.adapter.out.persistence.entity.JpaWalletTransactionMapper
2024-08-29T21:04:50.336+09:00 TRACE 42267 --- [wallet-service] [    Test worker] t.a.AnnotationTransactionAttributeSource : Adding transactional method 'org.example.walletservice.wallet.adapter.out.persistence.repsitory.JpaWalletTransactionRepository.save' with attribute: PROPAGATION_REQUIRED,ISOLATION_DEFAULT
2024-08-29T21:04:50.352+09:00 TRACE 42267 --- [wallet-service] [    Test worker] KafkaListenerAnnotationBeanPostProcessor : No @KafkaListener annotations found on bean type: class org.example.walletservice.wallet.adapter.out.persistence.repsitory.JpaWalletTransactionRepository$$SpringCGLIB$$0
2024-08-29T21:04:50.358+09:00 DEBUG 42267 --- [wallet-service] [    Test worker] tor$SharedEntityManagerInvocationHandler : Creating new EntityManager for shared EntityManager invocation
2024-08-29T21:04:50.366+09:00 DEBUG 42267 --- [wallet-service] [    Test worker] tor$SharedEntityManagerInvocationHandler : Creating new EntityManager for shared EntityManager invocation
2024-08-29T21:04:50.384+09:00 DEBUG 42267 --- [wallet-service] [    Test worker] tor$SharedEntityManagerInvocationHandler : Creating new EntityManager for shared EntityManager invocation
2024-08-29T21:04:50.387+09:00 DEBUG 42267 --- [wallet-service] [    Test worker] tor$SharedEntityManagerInvocationHandler : Creating new EntityManager for shared EntityManager invocation
2024-08-29T21:04:50.391+09:00 TRACE 42267 --- [wallet-service] [    Test worker] KafkaListenerAnnotationBeanPostProcessor : No @KafkaListener annotations found on bean type: class jdk.proxy3.$Proxy142
2024-08-29T21:04:50.392+09:00 TRACE 42267 --- [wallet-service] [    Test worker] KafkaListenerAnnotationBeanPostProcessor : No @KafkaListener annotations found on bean type: class org.example.walletservice.wallet.adapter.out.persistence.entity.JpaWalletMapper
2024-08-29T21:04:50.393+09:00 TRACE 42267 --- [wallet-service] [    Test worker] KafkaListenerAnnotationBeanPostProcessor : No @KafkaListener annotations found on bean type: class org.springframework.boot.autoconfigure.transaction.TransactionAutoConfiguration$TransactionTemplateConfiguration
2024-08-29T21:04:50.396+09:00 TRACE 42267 --- [wallet-service] [    Test worker] KafkaListenerAnnotationBeanPostProcessor : No @KafkaListener annotations found on bean type: class org.springframework.boot.autoconfigure.transaction.TransactionManagerCustomizationAutoConfiguration
2024-08-29T21:04:50.398+09:00 TRACE 42267 --- [wallet-service] [    Test worker] KafkaListenerAnnotationBeanPostProcessor : No @KafkaListener annotations found on bean type: class org.springframework.boot.autoconfigure.transaction.ExecutionListenersTransactionManagerCustomizer
2024-08-29T21:04:50.402+09:00 TRACE 42267 --- [wallet-service] [    Test worker] KafkaListenerAnnotationBeanPostProcessor : No @KafkaListener annotations found on bean type: class org.springframework.boot.autoconfigure.transaction.TransactionProperties
2024-08-29T21:04:50.403+09:00 TRACE 42267 --- [wallet-service] [    Test worker] KafkaListenerAnnotationBeanPostProcessor : No @KafkaListener annotations found on bean type: class org.springframework.boot.autoconfigure.transaction.TransactionManagerCustomizers
2024-08-29T21:04:50.409+09:00 TRACE 42267 --- [wallet-service] [    Test worker] KafkaListenerAnnotationBeanPostProcessor : No @KafkaListener annotations found on bean type: class org.springframework.orm.jpa.JpaTransactionManager
2024-08-29T21:04:50.411+09:00 TRACE 42267 --- [wallet-service] [    Test worker] KafkaListenerAnnotationBeanPostProcessor : No @KafkaListener annotations found on bean type: class org.springframework.transaction.support.TransactionTemplate
2024-08-29T21:04:50.419+09:00 TRACE 42267 --- [wallet-service] [    Test worker] KafkaListenerAnnotationBeanPostProcessor : No @KafkaListener annotations found on bean type: class org.example.walletservice.wallet.adapter.out.persistence.repsitory.JpaWalletRepository$$SpringCGLIB$$0
2024-08-29T21:04:50.420+09:00 TRACE 42267 --- [wallet-service] [    Test worker] KafkaListenerAnnotationBeanPostProcessor : No @KafkaListener annotations found on bean type: class org.example.walletservice.wallet.adapter.out.persistence.WalletPersistenceAdapter
2024-08-29T21:04:50.427+09:00 DEBUG 42267 --- [wallet-service] [    Test worker] tor$SharedEntityManagerInvocationHandler : Creating new EntityManager for shared EntityManager invocation
2024-08-29T21:04:50.432+09:00 DEBUG 42267 --- [wallet-service] [    Test worker] tor$SharedEntityManagerInvocationHandler : Creating new EntityManager for shared EntityManager invocation
2024-08-29T21:04:50.446+09:00 DEBUG 42267 --- [wallet-service] [    Test worker] tor$SharedEntityManagerInvocationHandler : Creating new EntityManager for shared EntityManager invocation
2024-08-29T21:04:50.450+09:00 TRACE 42267 --- [wallet-service] [    Test worker] KafkaListenerAnnotationBeanPostProcessor : No @KafkaListener annotations found on bean type: class jdk.proxy3.$Proxy144
2024-08-29T21:04:50.452+09:00 TRACE 42267 --- [wallet-service] [    Test worker] KafkaListenerAnnotationBeanPostProcessor : No @KafkaListener annotations found on bean type: class org.example.walletservice.wallet.adapter.out.persistence.entity.JpaPaymentOrderMapper
2024-08-29T21:04:50.457+09:00 TRACE 42267 --- [wallet-service] [    Test worker] KafkaListenerAnnotationBeanPostProcessor : No @KafkaListener annotations found on bean type: class org.example.walletservice.wallet.adapter.out.persistence.repsitory.JpaPaymentOrderRepository$$SpringCGLIB$$0
2024-08-29T21:04:50.458+09:00 TRACE 42267 --- [wallet-service] [    Test worker] KafkaListenerAnnotationBeanPostProcessor : No @KafkaListener annotations found on bean type: class org.example.walletservice.wallet.adapter.out.persistence.PaymentOrderPersistenceAdapter
2024-08-29T21:04:50.460+09:00 TRACE 42267 --- [wallet-service] [    Test worker] KafkaListenerAnnotationBeanPostProcessor : No @KafkaListener annotations found on bean type: class org.example.walletservice.wallet.application.service.SettlementService
2024-08-29T21:04:50.461+09:00 TRACE 42267 --- [wallet-service] [    Test worker] KafkaListenerAnnotationBeanPostProcessor : No @KafkaListener annotations found on bean type: class org.springframework.cloud.stream.function.FunctionConfiguration
2024-08-29T21:04:50.462+09:00 TRACE 42267 --- [wallet-service] [    Test worker] KafkaListenerAnnotationBeanPostProcessor : No @KafkaListener annotations found on bean type: class org.springframework.cloud.function.context.config.ContextFunctionCatalogAutoConfiguration
2024-08-29T21:04:50.463+09:00 TRACE 42267 --- [wallet-service] [    Test worker] KafkaListenerAnnotationBeanPostProcessor : No @KafkaListener annotations found on bean type: class org.springframework.cloud.stream.config.ContentTypeConfiguration
2024-08-29T21:04:50.470+09:00 TRACE 42267 --- [wallet-service] [    Test worker] KafkaListenerAnnotationBeanPostProcessor : No @KafkaListener annotations found on bean type: class org.springframework.integration.config.CustomConversionServiceFactoryBean
2024-08-29T21:04:50.471+09:00 TRACE 42267 --- [wallet-service] [    Test worker] KafkaListenerAnnotationBeanPostProcessor : No @KafkaListener annotations found on bean type: class org.springframework.core.convert.support.DefaultConversionService
2024-08-29T21:04:50.472+09:00 TRACE 42267 --- [wallet-service] [    Test worker] KafkaListenerAnnotationBeanPostProcessor : No @KafkaListener annotations found on bean type: class org.springframework.integration.support.converter.DefaultDatatypeChannelMessageConverter
2024-08-29T21:04:50.473+09:00 TRACE 42267 --- [wallet-service] [    Test worker] KafkaListenerAnnotationBeanPostProcessor : No @KafkaListener annotations found on bean type: class org.springframework.cloud.function.context.config.ContextFunctionCatalogAutoConfiguration$JsonMapperConfiguration
2024-08-29T21:04:50.475+09:00 TRACE 42267 --- [wallet-service] [    Test worker] KafkaListenerAnnotationBeanPostProcessor : No @KafkaListener annotations found on bean type: class org.springframework.boot.autoconfigure.jackson.JacksonAutoConfiguration$JacksonObjectMapperConfiguration
2024-08-29T21:04:50.476+09:00 TRACE 42267 --- [wallet-service] [    Test worker] KafkaListenerAnnotationBeanPostProcessor : No @KafkaListener annotations found on bean type: class org.springframework.boot.autoconfigure.jackson.JacksonAutoConfiguration$JacksonObjectMapperBuilderConfiguration
2024-08-29T21:04:50.477+09:00 TRACE 42267 --- [wallet-service] [    Test worker] KafkaListenerAnnotationBeanPostProcessor : No @KafkaListener annotations found on bean type: class org.springframework.boot.autoconfigure.jackson.JacksonAutoConfiguration$Jackson2ObjectMapperBuilderCustomizerConfiguration
2024-08-29T21:04:50.481+09:00 TRACE 42267 --- [wallet-service] [    Test worker] KafkaListenerAnnotationBeanPostProcessor : No @KafkaListener annotations found on bean type: class org.springframework.boot.autoconfigure.jackson.JacksonProperties
2024-08-29T21:04:50.482+09:00 TRACE 42267 --- [wallet-service] [    Test worker] KafkaListenerAnnotationBeanPostProcessor : No @KafkaListener annotations found on bean type: class org.springframework.boot.autoconfigure.jackson.JacksonAutoConfiguration$ParameterNamesModuleConfiguration
2024-08-29T21:04:50.486+09:00 TRACE 42267 --- [wallet-service] [    Test worker] KafkaListenerAnnotationBeanPostProcessor : No @KafkaListener annotations found on bean type: class com.fasterxml.jackson.module.paramnames.ParameterNamesModule
2024-08-29T21:04:50.488+09:00 TRACE 42267 --- [wallet-service] [    Test worker] KafkaListenerAnnotationBeanPostProcessor : No @KafkaListener annotations found on bean type: class org.springframework.boot.autoconfigure.jackson.JacksonAutoConfiguration$JacksonMixinConfiguration
2024-08-29T21:04:50.495+09:00 TRACE 42267 --- [wallet-service] [    Test worker] KafkaListenerAnnotationBeanPostProcessor : No @KafkaListener annotations found on bean type: class org.springframework.boot.jackson.JsonMixinModuleEntries
2024-08-29T21:04:50.497+09:00 TRACE 42267 --- [wallet-service] [    Test worker] KafkaListenerAnnotationBeanPostProcessor : No @KafkaListener annotations found on bean type: class org.springframework.boot.jackson.JsonMixinModule
2024-08-29T21:04:50.499+09:00 TRACE 42267 --- [wallet-service] [    Test worker] KafkaListenerAnnotationBeanPostProcessor : No @KafkaListener annotations found on bean type: class org.springframework.boot.autoconfigure.jackson.JacksonAutoConfiguration
2024-08-29T21:04:50.504+09:00 TRACE 42267 --- [wallet-service] [    Test worker] KafkaListenerAnnotationBeanPostProcessor : No @KafkaListener annotations found on bean type: class org.springframework.boot.jackson.JsonComponentModule
2024-08-29T21:04:50.505+09:00 TRACE 42267 --- [wallet-service] [    Test worker] KafkaListenerAnnotationBeanPostProcessor : No @KafkaListener annotations found on bean type: class org.springframework.data.web.config.SpringDataJacksonConfiguration
2024-08-29T21:04:50.509+09:00 TRACE 42267 --- [wallet-service] [    Test worker] KafkaListenerAnnotationBeanPostProcessor : No @KafkaListener annotations found on bean type: class org.springframework.data.geo.GeoModule
2024-08-29T21:04:50.511+09:00 TRACE 42267 --- [wallet-service] [    Test worker] KafkaListenerAnnotationBeanPostProcessor : No @KafkaListener annotations found on bean type: class org.springframework.data.web.config.SpringDataJacksonConfiguration$PageModule
2024-08-29T21:04:50.512+09:00 TRACE 42267 --- [wallet-service] [    Test worker] KafkaListenerAnnotationBeanPostProcessor : No @KafkaListener annotations found on bean type: class org.springframework.boot.autoconfigure.jackson.JacksonAutoConfiguration$Jackson2ObjectMapperBuilderCustomizerConfiguration$StandardJackson2ObjectMapperBuilderCustomizer
2024-08-29T21:04:50.516+09:00 TRACE 42267 --- [wallet-service] [    Test worker] KafkaListenerAnnotationBeanPostProcessor : No @KafkaListener annotations found on bean type: class org.springframework.http.converter.json.Jackson2ObjectMapperBuilder
2024-08-29T21:04:50.534+09:00 TRACE 42267 --- [wallet-service] [    Test worker] KafkaListenerAnnotationBeanPostProcessor : No @KafkaListener annotations found on bean type: class com.fasterxml.jackson.databind.ObjectMapper
2024-08-29T21:04:50.539+09:00 TRACE 42267 --- [wallet-service] [    Test worker] KafkaListenerAnnotationBeanPostProcessor : No @KafkaListener annotations found on bean type: class org.springframework.cloud.function.json.JacksonMapper
2024-08-29T21:04:50.549+09:00 TRACE 42267 --- [wallet-service] [    Test worker] KafkaListenerAnnotationBeanPostProcessor : No @KafkaListener annotations found on bean type: class org.springframework.messaging.converter.CompositeMessageConverter
2024-08-29T21:04:50.551+09:00 TRACE 42267 --- [wallet-service] [    Test worker] KafkaListenerAnnotationBeanPostProcessor : No @KafkaListener annotations found on bean type: class org.springframework.cloud.function.cloudevent.CloudEventsFunctionExtensionConfiguration
2024-08-29T21:04:50.553+09:00 TRACE 42267 --- [wallet-service] [    Test worker] KafkaListenerAnnotationBeanPostProcessor : No @KafkaListener annotations found on bean type: class org.springframework.cloud.function.cloudevent.CloudEventsFunctionInvocationHelper
2024-08-29T21:04:50.559+09:00 TRACE 42267 --- [wallet-service] [    Test worker] KafkaListenerAnnotationBeanPostProcessor : No @KafkaListener annotations found on bean type: class org.springframework.cloud.function.context.FunctionProperties
2024-08-29T21:04:50.565+09:00 TRACE 42267 --- [wallet-service] [    Test worker] KafkaListenerAnnotationBeanPostProcessor : No @KafkaListener annotations found on bean type: class org.springframework.cloud.function.context.catalog.BeanFactoryAwareFunctionRegistry
2024-08-29T21:04:50.586+09:00 TRACE 42267 --- [wallet-service] [    Test worker] KafkaListenerAnnotationBeanPostProcessor : No @KafkaListener annotations found on bean type: class org.springframework.cloud.stream.config.BindingServiceProperties
2024-08-29T21:04:50.590+09:00 TRACE 42267 --- [wallet-service] [    Test worker] KafkaListenerAnnotationBeanPostProcessor : No @KafkaListener annotations found on bean type: class org.springframework.cloud.stream.config.BinderFactoryAutoConfiguration
2024-08-29T21:04:50.592+09:00 TRACE 42267 --- [wallet-service] [    Test worker] KafkaListenerAnnotationBeanPostProcessor : No @KafkaListener annotations found on bean type: class org.springframework.cloud.stream.binder.DefaultBinderTypeRegistry
2024-08-29T21:04:50.594+09:00 TRACE 42267 --- [wallet-service] [    Test worker] KafkaListenerAnnotationBeanPostProcessor : No @KafkaListener annotations found on bean type: class org.springframework.cloud.stream.binder.BinderChildContextInitializer
2024-08-29T21:04:50.597+09:00 TRACE 42267 --- [wallet-service] [    Test worker] KafkaListenerAnnotationBeanPostProcessor : No @KafkaListener annotations found on bean type: class org.springframework.cloud.stream.binder.DefaultBinderFactory
2024-08-29T21:04:50.598+09:00 TRACE 42267 --- [wallet-service] [    Test worker] KafkaListenerAnnotationBeanPostProcessor : No @KafkaListener annotations found on bean type: class org.springframework.boot.autoconfigure.integration.IntegrationAutoConfiguration$IntegrationTaskSchedulerConfiguration
2024-08-29T21:04:50.600+09:00 TRACE 42267 --- [wallet-service] [    Test worker] KafkaListenerAnnotationBeanPostProcessor : No @KafkaListener annotations found on bean type: class org.springframework.boot.autoconfigure.task.TaskSchedulingConfigurations$TaskSchedulerBuilderConfiguration
2024-08-29T21:04:50.602+09:00 TRACE 42267 --- [wallet-service] [    Test worker] KafkaListenerAnnotationBeanPostProcessor : No @KafkaListener annotations found on bean type: class org.springframework.boot.autoconfigure.task.TaskSchedulingProperties
2024-08-29T21:04:50.603+09:00 TRACE 42267 --- [wallet-service] [    Test worker] KafkaListenerAnnotationBeanPostProcessor : No @KafkaListener annotations found on bean type: class org.springframework.boot.task.TaskSchedulerBuilder
2024-08-29T21:04:50.604+09:00 TRACE 42267 --- [wallet-service] [    Test worker] KafkaListenerAnnotationBeanPostProcessor : No @KafkaListener annotations found on bean type: class org.springframework.boot.autoconfigure.task.TaskSchedulingConfigurations$ThreadPoolTaskSchedulerBuilderConfiguration
2024-08-29T21:04:50.606+09:00 TRACE 42267 --- [wallet-service] [    Test worker] KafkaListenerAnnotationBeanPostProcessor : No @KafkaListener annotations found on bean type: class org.springframework.boot.task.ThreadPoolTaskSchedulerBuilder
2024-08-29T21:04:50.615+09:00 TRACE 42267 --- [wallet-service] [    Test worker] KafkaListenerAnnotationBeanPostProcessor : No @KafkaListener annotations found on bean type: class org.springframework.scheduling.concurrent.ThreadPoolTaskScheduler
2024-08-29T21:04:50.620+09:00 TRACE 42267 --- [wallet-service] [    Test worker] KafkaListenerAnnotationBeanPostProcessor : No @KafkaListener annotations found on bean type: class org.springframework.cloud.stream.binding.BindingService
2024-08-29T21:04:50.622+09:00 TRACE 42267 --- [wallet-service] [    Test worker] KafkaListenerAnnotationBeanPostProcessor : No @KafkaListener annotations found on bean type: class org.springframework.cloud.stream.function.StreamBridge
2024-08-29T21:04:50.623+09:00 TRACE 42267 --- [wallet-service] [    Test worker] KafkaListenerAnnotationBeanPostProcessor : No @KafkaListener annotations found on bean type: class org.example.walletservice.wallet.adapter.in.stream.PaymentEventMessageHandler$$SpringCGLIB$$0
2024-08-29T21:04:50.624+09:00 TRACE 42267 --- [wallet-service] [    Test worker] KafkaListenerAnnotationBeanPostProcessor : No @KafkaListener annotations found on bean type: class org.example.walletservice.wallet.adapter.in.stream.PaymentEventMessageHandler$$Lambda$1624/0x0000000126a9d2d8
2024-08-29T21:04:50.625+09:00 TRACE 42267 --- [wallet-service] [    Test worker] KafkaListenerAnnotationBeanPostProcessor : No @KafkaListener annotations found on bean type: class org.springframework.boot.autoconfigure.context.PropertyPlaceholderAutoConfiguration
2024-08-29T21:04:50.627+09:00 TRACE 42267 --- [wallet-service] [    Test worker] KafkaListenerAnnotationBeanPostProcessor : No @KafkaListener annotations found on bean type: class org.springframework.boot.autoconfigure.ssl.SslProperties
2024-08-29T21:04:50.627+09:00 TRACE 42267 --- [wallet-service] [    Test worker] KafkaListenerAnnotationBeanPostProcessor : No @KafkaListener annotations found on bean type: class org.springframework.boot.autoconfigure.ssl.SslAutoConfiguration
2024-08-29T21:04:50.628+09:00 TRACE 42267 --- [wallet-service] [    Test worker] KafkaListenerAnnotationBeanPostProcessor : No @KafkaListener annotations found on bean type: class org.springframework.boot.autoconfigure.ssl.FileWatcher
2024-08-29T21:04:50.631+09:00 TRACE 42267 --- [wallet-service] [    Test worker] KafkaListenerAnnotationBeanPostProcessor : No @KafkaListener annotations found on bean type: class org.springframework.boot.autoconfigure.ssl.SslPropertiesBundleRegistrar
2024-08-29T21:04:50.637+09:00 TRACE 42267 --- [wallet-service] [    Test worker] KafkaListenerAnnotationBeanPostProcessor : No @KafkaListener annotations found on bean type: class org.springframework.boot.ssl.DefaultSslBundleRegistry
2024-08-29T21:04:50.637+09:00 TRACE 42267 --- [wallet-service] [    Test worker] KafkaListenerAnnotationBeanPostProcessor : No @KafkaListener annotations found on bean type: class org.springframework.boot.autoconfigure.websocket.servlet.WebSocketServletAutoConfiguration$TomcatWebSocketConfiguration
2024-08-29T21:04:50.640+09:00 TRACE 42267 --- [wallet-service] [    Test worker] KafkaListenerAnnotationBeanPostProcessor : No @KafkaListener annotations found on bean type: class org.springframework.boot.autoconfigure.websocket.servlet.TomcatWebSocketServletWebServerCustomizer
2024-08-29T21:04:50.640+09:00 TRACE 42267 --- [wallet-service] [    Test worker] KafkaListenerAnnotationBeanPostProcessor : No @KafkaListener annotations found on bean type: class org.springframework.boot.autoconfigure.websocket.servlet.WebSocketServletAutoConfiguration
2024-08-29T21:04:50.641+09:00 TRACE 42267 --- [wallet-service] [    Test worker] KafkaListenerAnnotationBeanPostProcessor : No @KafkaListener annotations found on bean type: class org.springframework.boot.autoconfigure.web.servlet.ServletWebServerFactoryConfiguration$EmbeddedTomcat
2024-08-29T21:04:50.678+09:00 TRACE 42267 --- [wallet-service] [    Test worker] KafkaListenerAnnotationBeanPostProcessor : No @KafkaListener annotations found on bean type: class org.springframework.boot.autoconfigure.web.servlet.ServletWebServerFactoryAutoConfiguration
2024-08-29T21:04:50.692+09:00 TRACE 42267 --- [wallet-service] [    Test worker] KafkaListenerAnnotationBeanPostProcessor : No @KafkaListener annotations found on bean type: class org.springframework.boot.autoconfigure.web.ServerProperties
2024-08-29T21:04:50.695+09:00 TRACE 42267 --- [wallet-service] [    Test worker] KafkaListenerAnnotationBeanPostProcessor : No @KafkaListener annotations found on bean type: class org.springframework.boot.autoconfigure.web.servlet.ServletWebServerFactoryCustomizer
2024-08-29T21:04:50.696+09:00 TRACE 42267 --- [wallet-service] [    Test worker] KafkaListenerAnnotationBeanPostProcessor : No @KafkaListener annotations found on bean type: class org.springframework.boot.autoconfigure.web.servlet.TomcatServletWebServerFactoryCustomizer
2024-08-29T21:04:50.697+09:00 TRACE 42267 --- [wallet-service] [    Test worker] KafkaListenerAnnotationBeanPostProcessor : No @KafkaListener annotations found on bean type: class org.springframework.boot.autoconfigure.web.servlet.HttpEncodingAutoConfiguration
2024-08-29T21:04:50.698+09:00 TRACE 42267 --- [wallet-service] [    Test worker] KafkaListenerAnnotationBeanPostProcessor : No @KafkaListener annotations found on bean type: class org.springframework.boot.autoconfigure.web.servlet.HttpEncodingAutoConfiguration$LocaleCharsetMappingsCustomizer
2024-08-29T21:04:50.710+09:00 TRACE 42267 --- [wallet-service] [    Test worker] KafkaListenerAnnotationBeanPostProcessor : No @KafkaListener annotations found on bean type: class org.springframework.boot.autoconfigure.web.servlet.error.ErrorMvcAutoConfiguration
2024-08-29T21:04:50.711+09:00 TRACE 42267 --- [wallet-service] [    Test worker] KafkaListenerAnnotationBeanPostProcessor : No @KafkaListener annotations found on bean type: class org.springframework.boot.autoconfigure.web.servlet.DispatcherServletAutoConfiguration$DispatcherServletRegistrationConfiguration
2024-08-29T21:04:50.712+09:00 TRACE 42267 --- [wallet-service] [    Test worker] KafkaListenerAnnotationBeanPostProcessor : No @KafkaListener annotations found on bean type: class org.springframework.boot.autoconfigure.web.servlet.DispatcherServletAutoConfiguration$DispatcherServletConfiguration
2024-08-29T21:04:50.717+09:00 TRACE 42267 --- [wallet-service] [    Test worker] KafkaListenerAnnotationBeanPostProcessor : No @KafkaListener annotations found on bean type: class org.springframework.boot.autoconfigure.web.servlet.WebMvcProperties
2024-08-29T21:04:50.731+09:00 TRACE 42267 --- [wallet-service] [    Test worker] KafkaListenerAnnotationBeanPostProcessor : No @KafkaListener annotations found on bean type: class org.springframework.web.servlet.DispatcherServlet
2024-08-29T21:04:50.738+09:00 TRACE 42267 --- [wallet-service] [    Test worker] KafkaListenerAnnotationBeanPostProcessor : No @KafkaListener annotations found on bean type: class org.springframework.boot.autoconfigure.web.servlet.MultipartProperties
2024-08-29T21:04:50.739+09:00 TRACE 42267 --- [wallet-service] [    Test worker] KafkaListenerAnnotationBeanPostProcessor : No @KafkaListener annotations found on bean type: class org.springframework.boot.autoconfigure.web.servlet.MultipartAutoConfiguration
2024-08-29T21:04:50.741+09:00 TRACE 42267 --- [wallet-service] [    Test worker] KafkaListenerAnnotationBeanPostProcessor : No @KafkaListener annotations found on bean type: class jakarta.servlet.MultipartConfigElement
2024-08-29T21:04:50.743+09:00 TRACE 42267 --- [wallet-service] [    Test worker] KafkaListenerAnnotationBeanPostProcessor : No @KafkaListener annotations found on bean type: class org.springframework.boot.autoconfigure.web.servlet.DispatcherServletRegistrationBean
2024-08-29T21:04:50.745+09:00 TRACE 42267 --- [wallet-service] [    Test worker] KafkaListenerAnnotationBeanPostProcessor : No @KafkaListener annotations found on bean type: class org.springframework.boot.autoconfigure.web.servlet.error.ErrorMvcAutoConfiguration$ErrorPageCustomizer
2024-08-29T21:04:50.748+09:00 TRACE 42267 --- [wallet-service] [    Test worker] KafkaListenerAnnotationBeanPostProcessor : No @KafkaListener annotations found on bean type: class org.springframework.boot.web.embedded.tomcat.TomcatServletWebServerFactory
2024-08-29T21:04:50.751+09:00 TRACE 42267 --- [wallet-service] [    Test worker] KafkaListenerAnnotationBeanPostProcessor : No @KafkaListener annotations found on bean type: class org.springframework.boot.autoconfigure.web.servlet.DispatcherServletAutoConfiguration
2024-08-29T21:04:50.751+09:00 TRACE 42267 --- [wallet-service] [    Test worker] KafkaListenerAnnotationBeanPostProcessor : No @KafkaListener annotations found on bean type: class org.springframework.boot.autoconfigure.task.TaskExecutorConfigurations$ThreadPoolTaskExecutorBuilderConfiguration
2024-08-29T21:04:50.753+09:00 TRACE 42267 --- [wallet-service] [    Test worker] KafkaListenerAnnotationBeanPostProcessor : No @KafkaListener annotations found on bean type: class org.springframework.boot.autoconfigure.task.TaskExecutionProperties
2024-08-29T21:04:50.756+09:00 TRACE 42267 --- [wallet-service] [    Test worker] KafkaListenerAnnotationBeanPostProcessor : No @KafkaListener annotations found on bean type: class org.springframework.boot.task.ThreadPoolTaskExecutorBuilder
2024-08-29T21:04:50.757+09:00 TRACE 42267 --- [wallet-service] [    Test worker] KafkaListenerAnnotationBeanPostProcessor : No @KafkaListener annotations found on bean type: class org.springframework.boot.autoconfigure.task.TaskExecutorConfigurations$TaskExecutorBuilderConfiguration
2024-08-29T21:04:50.759+09:00 TRACE 42267 --- [wallet-service] [    Test worker] KafkaListenerAnnotationBeanPostProcessor : No @KafkaListener annotations found on bean type: class org.springframework.boot.task.TaskExecutorBuilder
2024-08-29T21:04:50.760+09:00 TRACE 42267 --- [wallet-service] [    Test worker] KafkaListenerAnnotationBeanPostProcessor : No @KafkaListener annotations found on bean type: class org.springframework.boot.autoconfigure.task.TaskExecutorConfigurations$SimpleAsyncTaskExecutorBuilderConfiguration
2024-08-29T21:04:50.762+09:00 TRACE 42267 --- [wallet-service] [    Test worker] KafkaListenerAnnotationBeanPostProcessor : No @KafkaListener annotations found on bean type: class org.springframework.boot.task.SimpleAsyncTaskExecutorBuilder
2024-08-29T21:04:50.764+09:00 TRACE 42267 --- [wallet-service] [    Test worker] KafkaListenerAnnotationBeanPostProcessor : No @KafkaListener annotations found on bean type: class org.springframework.boot.autoconfigure.task.TaskExecutorConfigurations$TaskExecutorConfiguration
2024-08-29T21:04:50.764+09:00 TRACE 42267 --- [wallet-service] [    Test worker] KafkaListenerAnnotationBeanPostProcessor : No @KafkaListener annotations found on bean type: class org.springframework.boot.autoconfigure.task.TaskExecutionAutoConfiguration
2024-08-29T21:04:50.765+09:00 TRACE 42267 --- [wallet-service] [    Test worker] KafkaListenerAnnotationBeanPostProcessor : No @KafkaListener annotations found on bean type: class org.springframework.boot.autoconfigure.validation.ValidationAutoConfiguration
2024-08-29T21:04:50.776+09:00 TRACE 42267 --- [wallet-service] [    Test worker] KafkaListenerAnnotationBeanPostProcessor : No @KafkaListener annotations found on bean type: class org.springframework.validation.beanvalidation.LocalValidatorFactoryBean
2024-08-29T21:04:50.778+09:00 TRACE 42267 --- [wallet-service] [    Test worker] KafkaListenerAnnotationBeanPostProcessor : No @KafkaListener annotations found on bean type: class org.springframework.boot.autoconfigure.web.servlet.error.ErrorMvcAutoConfiguration$WhitelabelErrorViewConfiguration
2024-08-29T21:04:50.779+09:00 TRACE 42267 --- [wallet-service] [    Test worker] KafkaListenerAnnotationBeanPostProcessor : No @KafkaListener annotations found on bean type: class org.springframework.boot.autoconfigure.web.servlet.error.ErrorMvcAutoConfiguration$StaticView
2024-08-29T21:04:50.781+09:00 TRACE 42267 --- [wallet-service] [    Test worker] KafkaListenerAnnotationBeanPostProcessor : No @KafkaListener annotations found on bean type: class org.springframework.web.servlet.view.BeanNameViewResolver
2024-08-29T21:04:50.785+09:00 TRACE 42267 --- [wallet-service] [    Test worker] KafkaListenerAnnotationBeanPostProcessor : No @KafkaListener annotations found on bean type: class org.springframework.boot.autoconfigure.web.WebProperties
2024-08-29T21:04:50.786+09:00 TRACE 42267 --- [wallet-service] [    Test worker] KafkaListenerAnnotationBeanPostProcessor : No @KafkaListener annotations found on bean type: class org.springframework.boot.autoconfigure.web.servlet.error.ErrorMvcAutoConfiguration$DefaultErrorViewResolverConfiguration
2024-08-29T21:04:50.788+09:00 TRACE 42267 --- [wallet-service] [    Test worker] KafkaListenerAnnotationBeanPostProcessor : No @KafkaListener annotations found on bean type: class org.springframework.boot.autoconfigure.web.servlet.error.DefaultErrorViewResolver
2024-08-29T21:04:50.790+09:00 TRACE 42267 --- [wallet-service] [    Test worker] KafkaListenerAnnotationBeanPostProcessor : No @KafkaListener annotations found on bean type: class org.springframework.boot.web.servlet.error.DefaultErrorAttributes
2024-08-29T21:04:50.796+09:00 TRACE 42267 --- [wallet-service] [    Test worker] KafkaListenerAnnotationBeanPostProcessor : No @KafkaListener annotations found on bean type: class org.springframework.boot.autoconfigure.web.servlet.error.BasicErrorController
2024-08-29T21:04:50.803+09:00 TRACE 42267 --- [wallet-service] [    Test worker] KafkaListenerAnnotationBeanPostProcessor : No @KafkaListener annotations found on bean type: class org.springframework.boot.autoconfigure.web.servlet.WebMvcAutoConfiguration$WebMvcAutoConfigurationAdapter
2024-08-29T21:04:50.806+09:00 TRACE 42267 --- [wallet-service] [    Test worker] KafkaListenerAnnotationBeanPostProcessor : No @KafkaListener annotations found on bean type: class org.springframework.data.web.config.SpringDataWebConfiguration
2024-08-29T21:04:50.809+09:00 TRACE 42267 --- [wallet-service] [    Test worker] KafkaListenerAnnotationBeanPostProcessor : No @KafkaListener annotations found on bean type: class org.springframework.boot.autoconfigure.web.servlet.WebMvcAutoConfiguration$EnableWebMvcConfiguration
2024-08-29T21:04:50.818+09:00 TRACE 42267 --- [wallet-service] [    Test worker] KafkaListenerAnnotationBeanPostProcessor : No @KafkaListener annotations found on bean type: class org.springframework.boot.autoconfigure.web.format.WebConversionService
2024-08-29T21:04:50.821+09:00 TRACE 42267 --- [wallet-service] [    Test worker] KafkaListenerAnnotationBeanPostProcessor : No @KafkaListener annotations found on bean type: class org.springframework.web.servlet.resource.ResourceUrlProvider
2024-08-29T21:04:50.837+09:00 TRACE 42267 --- [wallet-service] [    Test worker] KafkaListenerAnnotationBeanPostProcessor : No @KafkaListener annotations found on bean type: class org.springframework.boot.autoconfigure.web.servlet.WelcomePageHandlerMapping
2024-08-29T21:04:50.843+09:00 TRACE 42267 --- [wallet-service] [    Test worker] KafkaListenerAnnotationBeanPostProcessor : No @KafkaListener annotations found on bean type: class org.springframework.boot.autoconfigure.web.servlet.WelcomePageNotAcceptableHandlerMapping
2024-08-29T21:04:50.845+09:00 TRACE 42267 --- [wallet-service] [    Test worker] KafkaListenerAnnotationBeanPostProcessor : No @KafkaListener annotations found on bean type: class org.springframework.web.servlet.i18n.AcceptHeaderLocaleResolver
2024-08-29T21:04:50.847+09:00 TRACE 42267 --- [wallet-service] [    Test worker] KafkaListenerAnnotationBeanPostProcessor : No @KafkaListener annotations found on bean type: class org.springframework.web.servlet.theme.FixedThemeResolver
2024-08-29T21:04:50.850+09:00 TRACE 42267 --- [wallet-service] [    Test worker] KafkaListenerAnnotationBeanPostProcessor : No @KafkaListener annotations found on bean type: class org.springframework.web.servlet.support.SessionFlashMapManager
2024-08-29T21:04:50.852+09:00 TRACE 42267 --- [wallet-service] [    Test worker] KafkaListenerAnnotationBeanPostProcessor : No @KafkaListener annotations found on bean type: class org.springframework.boot.autoconfigure.validation.ValidatorAdapter
2024-08-29T21:04:50.855+09:00 TRACE 42267 --- [wallet-service] [    Test worker] KafkaListenerAnnotationBeanPostProcessor : No @KafkaListener annotations found on bean type: class org.springframework.web.accept.ContentNegotiationManager
2024-08-29T21:04:50.895+09:00 TRACE 42267 --- [wallet-service] [    Test worker] KafkaListenerAnnotationBeanPostProcessor : No @KafkaListener annotations found on bean type: class org.springframework.web.servlet.mvc.method.annotation.RequestMappingHandlerMapping
2024-08-29T21:04:50.898+09:00 TRACE 42267 --- [wallet-service] [    Test worker] KafkaListenerAnnotationBeanPostProcessor : No @KafkaListener annotations found on bean type: class org.springframework.web.util.pattern.PathPatternParser
2024-08-29T21:04:50.899+09:00 TRACE 42267 --- [wallet-service] [    Test worker] KafkaListenerAnnotationBeanPostProcessor : No @KafkaListener annotations found on bean type: class org.springframework.web.util.UrlPathHelper
2024-08-29T21:04:50.900+09:00 TRACE 42267 --- [wallet-service] [    Test worker] KafkaListenerAnnotationBeanPostProcessor : No @KafkaListener annotations found on bean type: class org.springframework.util.AntPathMatcher
2024-08-29T21:04:50.902+09:00 TRACE 42267 --- [wallet-service] [    Test worker] KafkaListenerAnnotationBeanPostProcessor : No @KafkaListener annotations found on bean type: class org.springframework.beans.factory.support.NullBean
2024-08-29T21:04:50.906+09:00 TRACE 42267 --- [wallet-service] [    Test worker] KafkaListenerAnnotationBeanPostProcessor : No @KafkaListener annotations found on bean type: class org.springframework.web.servlet.handler.BeanNameUrlHandlerMapping
2024-08-29T21:04:50.908+09:00 TRACE 42267 --- [wallet-service] [    Test worker] KafkaListenerAnnotationBeanPostProcessor : No @KafkaListener annotations found on bean type: class org.springframework.boot.autoconfigure.http.HttpMessageConvertersAutoConfiguration
2024-08-29T21:04:50.911+09:00 TRACE 42267 --- [wallet-service] [    Test worker] KafkaListenerAnnotationBeanPostProcessor : No @KafkaListener annotations found on bean type: class org.springframework.boot.autoconfigure.http.HttpMessageConvertersAutoConfiguration$StringHttpMessageConverterConfiguration
2024-08-29T21:04:50.915+09:00 TRACE 42267 --- [wallet-service] [    Test worker] KafkaListenerAnnotationBeanPostProcessor : No @KafkaListener annotations found on bean type: class org.springframework.http.converter.StringHttpMessageConverter
2024-08-29T21:04:50.916+09:00 TRACE 42267 --- [wallet-service] [    Test worker] KafkaListenerAnnotationBeanPostProcessor : No @KafkaListener annotations found on bean type: class org.springframework.boot.autoconfigure.http.JacksonHttpMessageConvertersConfiguration$MappingJackson2HttpMessageConverterConfiguration
2024-08-29T21:04:50.919+09:00 TRACE 42267 --- [wallet-service] [    Test worker] KafkaListenerAnnotationBeanPostProcessor : No @KafkaListener annotations found on bean type: class org.springframework.http.converter.json.MappingJackson2HttpMessageConverter
2024-08-29T21:04:50.922+09:00 TRACE 42267 --- [wallet-service] [    Test worker] KafkaListenerAnnotationBeanPostProcessor : No @KafkaListener annotations found on bean type: class org.springframework.boot.autoconfigure.http.HttpMessageConverters
2024-08-29T21:04:50.962+09:00 TRACE 42267 --- [wallet-service] [    Test worker] KafkaListenerAnnotationBeanPostProcessor : No @KafkaListener annotations found on bean type: class org.springframework.web.servlet.function.support.RouterFunctionMapping
2024-08-29T21:04:50.974+09:00 TRACE 42267 --- [wallet-service] [    Test worker] KafkaListenerAnnotationBeanPostProcessor : No @KafkaListener annotations found on bean type: class org.springframework.web.servlet.handler.SimpleUrlHandlerMapping
2024-08-29T21:04:50.985+09:00 TRACE 42267 --- [wallet-service] [    Test worker] KafkaListenerAnnotationBeanPostProcessor : No @KafkaListener annotations found on bean type: class org.springframework.boot.autoconfigure.data.web.SpringDataWebProperties
2024-08-29T21:04:50.986+09:00 TRACE 42267 --- [wallet-service] [    Test worker] KafkaListenerAnnotationBeanPostProcessor : No @KafkaListener annotations found on bean type: class org.springframework.boot.autoconfigure.data.web.SpringDataWebAutoConfiguration
2024-08-29T21:04:50.987+09:00 TRACE 42267 --- [wallet-service] [    Test worker] KafkaListenerAnnotationBeanPostProcessor : No @KafkaListener annotations found on bean type: class org.springframework.boot.autoconfigure.data.web.SpringDataWebAutoConfiguration$$Lambda$1747/0x0000000126af27a8
2024-08-29T21:04:50.988+09:00 TRACE 42267 --- [wallet-service] [    Test worker] KafkaListenerAnnotationBeanPostProcessor : No @KafkaListener annotations found on bean type: class org.springframework.data.web.SortHandlerMethodArgumentResolver
2024-08-29T21:04:50.991+09:00 TRACE 42267 --- [wallet-service] [    Test worker] KafkaListenerAnnotationBeanPostProcessor : No @KafkaListener annotations found on bean type: class org.springframework.boot.autoconfigure.data.web.SpringDataWebAutoConfiguration$$Lambda$1749/0x0000000126af3530
2024-08-29T21:04:50.992+09:00 TRACE 42267 --- [wallet-service] [    Test worker] KafkaListenerAnnotationBeanPostProcessor : No @KafkaListener annotations found on bean type: class org.springframework.data.web.PageableHandlerMethodArgumentResolver
2024-08-29T21:04:51.002+09:00 TRACE 42267 --- [wallet-service] [    Test worker] KafkaListenerAnnotationBeanPostProcessor : No @KafkaListener annotations found on bean type: class org.springframework.scheduling.concurrent.ThreadPoolTaskExecutor
2024-08-29T21:04:51.034+09:00 TRACE 42267 --- [wallet-service] [    Test worker] KafkaListenerAnnotationBeanPostProcessor : No @KafkaListener annotations found on bean type: class org.springframework.web.servlet.mvc.method.annotation.RequestMappingHandlerAdapter
2024-08-29T21:04:51.038+09:00 TRACE 42267 --- [wallet-service] [    Test worker] KafkaListenerAnnotationBeanPostProcessor : No @KafkaListener annotations found on bean type: class org.springframework.web.servlet.function.support.HandlerFunctionAdapter
2024-08-29T21:04:51.040+09:00 TRACE 42267 --- [wallet-service] [    Test worker] KafkaListenerAnnotationBeanPostProcessor : No @KafkaListener annotations found on bean type: class org.springframework.web.method.support.CompositeUriComponentsContributor
2024-08-29T21:04:51.041+09:00 TRACE 42267 --- [wallet-service] [    Test worker] KafkaListenerAnnotationBeanPostProcessor : No @KafkaListener annotations found on bean type: class org.springframework.web.servlet.mvc.HttpRequestHandlerAdapter
2024-08-29T21:04:51.042+09:00 TRACE 42267 --- [wallet-service] [    Test worker] KafkaListenerAnnotationBeanPostProcessor : No @KafkaListener annotations found on bean type: class org.springframework.web.servlet.mvc.SimpleControllerHandlerAdapter
2024-08-29T21:04:51.046+09:00 TRACE 42267 --- [wallet-service] [    Test worker] KafkaListenerAnnotationBeanPostProcessor : No @KafkaListener annotations found on bean type: class org.springframework.web.servlet.handler.HandlerExceptionResolverComposite
2024-08-29T21:04:51.048+09:00 TRACE 42267 --- [wallet-service] [    Test worker] KafkaListenerAnnotationBeanPostProcessor : No @KafkaListener annotations found on bean type: class org.springframework.web.servlet.view.ViewResolverComposite
2024-08-29T21:04:51.050+09:00 TRACE 42267 --- [wallet-service] [    Test worker] KafkaListenerAnnotationBeanPostProcessor : No @KafkaListener annotations found on bean type: class org.springframework.web.servlet.view.DefaultRequestToViewNameTranslator
2024-08-29T21:04:51.055+09:00 TRACE 42267 --- [wallet-service] [    Test worker] KafkaListenerAnnotationBeanPostProcessor : No @KafkaListener annotations found on bean type: class org.springframework.web.servlet.view.InternalResourceViewResolver
2024-08-29T21:04:51.059+09:00 TRACE 42267 --- [wallet-service] [    Test worker] KafkaListenerAnnotationBeanPostProcessor : No @KafkaListener annotations found on bean type: class org.springframework.web.servlet.view.ContentNegotiatingViewResolver
2024-08-29T21:04:51.062+09:00 TRACE 42267 --- [wallet-service] [    Test worker] KafkaListenerAnnotationBeanPostProcessor : No @KafkaListener annotations found on bean type: class org.springframework.boot.web.servlet.filter.OrderedRequestContextFilter
2024-08-29T21:04:51.063+09:00 TRACE 42267 --- [wallet-service] [    Test worker] KafkaListenerAnnotationBeanPostProcessor : No @KafkaListener annotations found on bean type: class org.springframework.boot.autoconfigure.web.servlet.WebMvcAutoConfiguration
2024-08-29T21:04:51.065+09:00 TRACE 42267 --- [wallet-service] [    Test worker] KafkaListenerAnnotationBeanPostProcessor : No @KafkaListener annotations found on bean type: class org.springframework.boot.web.servlet.filter.OrderedFormContentFilter
2024-08-29T21:04:51.066+09:00 TRACE 42267 --- [wallet-service] [    Test worker] KafkaListenerAnnotationBeanPostProcessor : No @KafkaListener annotations found on bean type: class org.springframework.boot.autoconfigure.aop.AopAutoConfiguration$AspectJAutoProxyingConfiguration$CglibAutoProxyConfiguration
2024-08-29T21:04:51.066+09:00 TRACE 42267 --- [wallet-service] [    Test worker] KafkaListenerAnnotationBeanPostProcessor : No @KafkaListener annotations found on bean type: class org.springframework.boot.autoconfigure.aop.AopAutoConfiguration$AspectJAutoProxyingConfiguration
2024-08-29T21:04:51.067+09:00 TRACE 42267 --- [wallet-service] [    Test worker] KafkaListenerAnnotationBeanPostProcessor : No @KafkaListener annotations found on bean type: class org.springframework.boot.autoconfigure.aop.AopAutoConfiguration
2024-08-29T21:04:51.067+09:00 TRACE 42267 --- [wallet-service] [    Test worker] KafkaListenerAnnotationBeanPostProcessor : No @KafkaListener annotations found on bean type: class org.springframework.boot.autoconfigure.availability.ApplicationAvailabilityAutoConfiguration
2024-08-29T21:04:51.068+09:00 TRACE 42267 --- [wallet-service] [    Test worker] KafkaListenerAnnotationBeanPostProcessor : No @KafkaListener annotations found on bean type: class org.springframework.boot.availability.ApplicationAvailabilityBean
2024-08-29T21:04:51.069+09:00 TRACE 42267 --- [wallet-service] [    Test worker] KafkaListenerAnnotationBeanPostProcessor : No @KafkaListener annotations found on bean type: class org.springframework.boot.autoconfigure.transaction.jta.JtaAutoConfiguration
2024-08-29T21:04:51.069+09:00 TRACE 42267 --- [wallet-service] [    Test worker] KafkaListenerAnnotationBeanPostProcessor : No @KafkaListener annotations found on bean type: class org.springframework.boot.autoconfigure.jdbc.metadata.DataSourcePoolMetadataProvidersConfiguration
2024-08-29T21:04:51.070+09:00 TRACE 42267 --- [wallet-service] [    Test worker] KafkaListenerAnnotationBeanPostProcessor : No @KafkaListener annotations found on bean type: class org.springframework.boot.autoconfigure.jdbc.DataSourceAutoConfiguration
2024-08-29T21:04:51.070+09:00 TRACE 42267 --- [wallet-service] [    Test worker] KafkaListenerAnnotationBeanPostProcessor : No @KafkaListener annotations found on bean type: class org.springframework.boot.autoconfigure.orm.jpa.JpaBaseConfiguration$PersistenceManagedTypesConfiguration
2024-08-29T21:04:51.070+09:00 TRACE 42267 --- [wallet-service] [    Test worker] KafkaListenerAnnotationBeanPostProcessor : No @KafkaListener annotations found on bean type: class org.springframework.boot.autoconfigure.orm.jpa.HibernateJpaAutoConfiguration
2024-08-29T21:04:51.071+09:00 TRACE 42267 --- [wallet-service] [    Test worker] KafkaListenerAnnotationBeanPostProcessor : No @KafkaListener annotations found on bean type: class org.springframework.boot.autoconfigure.context.ConfigurationPropertiesAutoConfiguration
2024-08-29T21:04:51.074+09:00 TRACE 42267 --- [wallet-service] [    Test worker] KafkaListenerAnnotationBeanPostProcessor : No @KafkaListener annotations found on bean type: class org.springframework.boot.autoconfigure.context.LifecycleAutoConfiguration
2024-08-29T21:04:51.076+09:00 TRACE 42267 --- [wallet-service] [    Test worker] KafkaListenerAnnotationBeanPostProcessor : No @KafkaListener annotations found on bean type: class org.springframework.boot.autoconfigure.context.LifecycleProperties
2024-08-29T21:04:51.078+09:00 TRACE 42267 --- [wallet-service] [    Test worker] KafkaListenerAnnotationBeanPostProcessor : No @KafkaListener annotations found on bean type: class org.springframework.context.support.DefaultLifecycleProcessor
2024-08-29T21:04:51.079+09:00 TRACE 42267 --- [wallet-service] [    Test worker] KafkaListenerAnnotationBeanPostProcessor : No @KafkaListener annotations found on bean type: class org.springframework.boot.autoconfigure.dao.PersistenceExceptionTranslationAutoConfiguration
2024-08-29T21:04:51.079+09:00 TRACE 42267 --- [wallet-service] [    Test worker] KafkaListenerAnnotationBeanPostProcessor : No @KafkaListener annotations found on bean type: class org.springframework.boot.autoconfigure.data.jpa.JpaRepositoriesAutoConfiguration
2024-08-29T21:04:51.080+09:00 TRACE 42267 --- [wallet-service] [    Test worker] KafkaListenerAnnotationBeanPostProcessor : No @KafkaListener annotations found on bean type: class org.springframework.data.jpa.util.JpaMetamodelCacheCleanup
2024-08-29T21:04:51.081+09:00 TRACE 42267 --- [wallet-service] [    Test worker] KafkaListenerAnnotationBeanPostProcessor : No @KafkaListener annotations found on bean type: class org.springframework.data.jpa.repository.support.JpaEvaluationContextExtension
2024-08-29T21:04:51.087+09:00 TRACE 42267 --- [wallet-service] [    Test worker] KafkaListenerAnnotationBeanPostProcessor : No @KafkaListener annotations found on bean type: class org.springframework.data.jpa.repository.config.JpaRepositoryConfigExtension$JpaRepositoryRegistrationAotProcessor
2024-08-29T21:04:51.088+09:00 TRACE 42267 --- [wallet-service] [    Test worker] KafkaListenerAnnotationBeanPostProcessor : No @KafkaListener annotations found on bean type: class org.springframework.boot.autoconfigure.http.JacksonHttpMessageConvertersConfiguration
2024-08-29T21:04:51.089+09:00 TRACE 42267 --- [wallet-service] [    Test worker] KafkaListenerAnnotationBeanPostProcessor : No @KafkaListener annotations found on bean type: class org.springframework.data.web.config.ProjectingArgumentResolverRegistrar
2024-08-29T21:04:51.091+09:00 TRACE 42267 --- [wallet-service] [    Test worker] KafkaListenerAnnotationBeanPostProcessor : No @KafkaListener annotations found on bean type: class org.springframework.data.web.OffsetScrollPositionHandlerMethodArgumentResolver
2024-08-29T21:04:51.096+09:00 TRACE 42267 --- [wallet-service] [    Test worker] KafkaListenerAnnotationBeanPostProcessor : No @KafkaListener annotations found on bean type: class org.springframework.boot.autoconfigure.info.ProjectInfoProperties
2024-08-29T21:04:51.097+09:00 TRACE 42267 --- [wallet-service] [    Test worker] KafkaListenerAnnotationBeanPostProcessor : No @KafkaListener annotations found on bean type: class org.springframework.boot.autoconfigure.info.ProjectInfoAutoConfiguration
2024-08-29T21:04:51.098+09:00 TRACE 42267 --- [wallet-service] [    Test worker] KafkaListenerAnnotationBeanPostProcessor : No @KafkaListener annotations found on bean type: class org.springframework.boot.autoconfigure.task.TaskSchedulingConfigurations$SimpleAsyncTaskSchedulerBuilderConfiguration
2024-08-29T21:04:51.103+09:00 TRACE 42267 --- [wallet-service] [    Test worker] KafkaListenerAnnotationBeanPostProcessor : No @KafkaListener annotations found on bean type: class org.springframework.boot.task.SimpleAsyncTaskSchedulerBuilder
2024-08-29T21:04:51.104+09:00 TRACE 42267 --- [wallet-service] [    Test worker] KafkaListenerAnnotationBeanPostProcessor : No @KafkaListener annotations found on bean type: class org.springframework.boot.autoconfigure.task.TaskSchedulingAutoConfiguration
2024-08-29T21:04:51.105+09:00 TRACE 42267 --- [wallet-service] [    Test worker] KafkaListenerAnnotationBeanPostProcessor : No @KafkaListener annotations found on bean type: class org.springframework.boot.autoconfigure.integration.IntegrationAutoConfiguration$IntegrationComponentScanConfiguration
2024-08-29T21:04:51.106+09:00 TRACE 42267 --- [wallet-service] [    Test worker] KafkaListenerAnnotationBeanPostProcessor : No @KafkaListener annotations found on bean type: class org.springframework.integration.config.IntegrationComponentScanRegistrar
2024-08-29T21:04:51.107+09:00 TRACE 42267 --- [wallet-service] [    Test worker] KafkaListenerAnnotationBeanPostProcessor : No @KafkaListener annotations found on bean type: class org.springframework.boot.autoconfigure.integration.IntegrationAutoConfiguration$IntegrationManagementConfiguration$EnableIntegrationManagementConfiguration
2024-08-29T21:04:51.107+09:00 TRACE 42267 --- [wallet-service] [    Test worker] KafkaListenerAnnotationBeanPostProcessor : No @KafkaListener annotations found on bean type: class org.springframework.boot.autoconfigure.integration.IntegrationAutoConfiguration$IntegrationManagementConfiguration
2024-08-29T21:04:51.108+09:00 TRACE 42267 --- [wallet-service] [    Test worker] KafkaListenerAnnotationBeanPostProcessor : No @KafkaListener annotations found on bean type: class org.springframework.boot.autoconfigure.integration.IntegrationAutoConfiguration$IntegrationConfiguration
2024-08-29T21:04:51.117+09:00 TRACE 42267 --- [wallet-service] [    Test worker] KafkaListenerAnnotationBeanPostProcessor : No @KafkaListener annotations found on bean type: class org.springframework.boot.autoconfigure.integration.IntegrationProperties
2024-08-29T21:04:51.121+09:00 TRACE 42267 --- [wallet-service] [    Test worker] KafkaListenerAnnotationBeanPostProcessor : No @KafkaListener annotations found on bean type: class org.springframework.integration.scheduling.PollerMetadata
2024-08-29T21:04:51.122+09:00 TRACE 42267 --- [wallet-service] [    Test worker] KafkaListenerAnnotationBeanPostProcessor : No @KafkaListener annotations found on bean type: class org.springframework.boot.autoconfigure.integration.IntegrationAutoConfiguration
2024-08-29T21:04:51.126+09:00 TRACE 42267 --- [wallet-service] [    Test worker] KafkaListenerAnnotationBeanPostProcessor : No @KafkaListener annotations found on bean type: class org.springframework.integration.context.IntegrationProperties
2024-08-29T21:04:51.128+09:00 TRACE 42267 --- [wallet-service] [    Test worker] KafkaListenerAnnotationBeanPostProcessor : No @KafkaListener annotations found on bean type: class org.springframework.boot.autoconfigure.jmx.JmxProperties
2024-08-29T21:04:51.129+09:00 TRACE 42267 --- [wallet-service] [    Test worker] KafkaListenerAnnotationBeanPostProcessor : No @KafkaListener annotations found on bean type: class org.springframework.boot.autoconfigure.jdbc.JdbcTemplateConfiguration
2024-08-29T21:04:51.131+09:00 TRACE 42267 --- [wallet-service] [    Test worker] KafkaListenerAnnotationBeanPostProcessor : No @KafkaListener annotations found on bean type: class org.springframework.boot.autoconfigure.jdbc.JdbcProperties
2024-08-29T21:04:51.139+09:00 TRACE 42267 --- [wallet-service] [    Test worker] KafkaListenerAnnotationBeanPostProcessor : No @KafkaListener annotations found on bean type: class org.springframework.jdbc.core.JdbcTemplate
2024-08-29T21:04:51.142+09:00 TRACE 42267 --- [wallet-service] [    Test worker] KafkaListenerAnnotationBeanPostProcessor : No @KafkaListener annotations found on bean type: class org.springframework.boot.autoconfigure.jdbc.NamedParameterJdbcTemplateConfiguration
2024-08-29T21:04:51.148+09:00 TRACE 42267 --- [wallet-service] [    Test worker] KafkaListenerAnnotationBeanPostProcessor : No @KafkaListener annotations found on bean type: class org.springframework.jdbc.core.namedparam.NamedParameterJdbcTemplate
2024-08-29T21:04:51.150+09:00 TRACE 42267 --- [wallet-service] [    Test worker] KafkaListenerAnnotationBeanPostProcessor : No @KafkaListener annotations found on bean type: class org.springframework.boot.autoconfigure.jdbc.JdbcTemplateAutoConfiguration
2024-08-29T21:04:51.151+09:00 TRACE 42267 --- [wallet-service] [    Test worker] KafkaListenerAnnotationBeanPostProcessor : No @KafkaListener annotations found on bean type: class org.springframework.boot.autoconfigure.jdbc.JdbcClientAutoConfiguration
2024-08-29T21:04:51.152+09:00 TRACE 42267 --- [wallet-service] [    Test worker] KafkaListenerAnnotationBeanPostProcessor : No @KafkaListener annotations found on bean type: class org.springframework.jdbc.core.simple.DefaultJdbcClient
2024-08-29T21:04:51.153+09:00 TRACE 42267 --- [wallet-service] [    Test worker] KafkaListenerAnnotationBeanPostProcessor : No @KafkaListener annotations found on bean type: class org.springframework.boot.autoconfigure.kafka.KafkaAnnotationDrivenConfiguration$EnableKafkaConfiguration
2024-08-29T21:04:51.154+09:00 TRACE 42267 --- [wallet-service] [    Test worker] KafkaListenerAnnotationBeanPostProcessor : No @KafkaListener annotations found on bean type: class org.springframework.kafka.config.KafkaListenerEndpointRegistry
2024-08-29T21:04:51.167+09:00 TRACE 42267 --- [wallet-service] [    Test worker] KafkaListenerAnnotationBeanPostProcessor : No @KafkaListener annotations found on bean type: class org.springframework.boot.autoconfigure.kafka.KafkaProperties
2024-08-29T21:04:51.185+09:00 TRACE 42267 --- [wallet-service] [    Test worker] KafkaListenerAnnotationBeanPostProcessor : No @KafkaListener annotations found on bean type: class org.springframework.boot.autoconfigure.kafka.KafkaAutoConfiguration
2024-08-29T21:04:51.187+09:00 TRACE 42267 --- [wallet-service] [    Test worker] KafkaListenerAnnotationBeanPostProcessor : No @KafkaListener annotations found on bean type: class org.springframework.boot.autoconfigure.kafka.PropertiesKafkaConnectionDetails
2024-08-29T21:04:51.200+09:00 TRACE 42267 --- [wallet-service] [    Test worker] KafkaListenerAnnotationBeanPostProcessor : No @KafkaListener annotations found on bean type: class org.springframework.kafka.core.DefaultKafkaProducerFactory
2024-08-29T21:04:51.204+09:00 TRACE 42267 --- [wallet-service] [    Test worker] KafkaListenerAnnotationBeanPostProcessor : No @KafkaListener annotations found on bean type: class org.springframework.kafka.support.LoggingProducerListener
2024-08-29T21:04:51.220+09:00 TRACE 42267 --- [wallet-service] [    Test worker] KafkaListenerAnnotationBeanPostProcessor : No @KafkaListener annotations found on bean type: class org.springframework.kafka.core.KafkaTemplate
2024-08-29T21:04:51.228+09:00 TRACE 42267 --- [wallet-service] [    Test worker] KafkaListenerAnnotationBeanPostProcessor : No @KafkaListener annotations found on bean type: class org.springframework.boot.autoconfigure.kafka.KafkaAnnotationDrivenConfiguration
2024-08-29T21:04:51.231+09:00 TRACE 42267 --- [wallet-service] [    Test worker] KafkaListenerAnnotationBeanPostProcessor : No @KafkaListener annotations found on bean type: class org.springframework.boot.autoconfigure.kafka.ConcurrentKafkaListenerContainerFactoryConfigurer
2024-08-29T21:04:51.243+09:00 TRACE 42267 --- [wallet-service] [    Test worker] KafkaListenerAnnotationBeanPostProcessor : No @KafkaListener annotations found on bean type: class org.springframework.kafka.core.DefaultKafkaConsumerFactory
2024-08-29T21:04:51.254+09:00 TRACE 42267 --- [wallet-service] [    Test worker] KafkaListenerAnnotationBeanPostProcessor : No @KafkaListener annotations found on bean type: class org.springframework.kafka.config.ConcurrentKafkaListenerContainerFactory
2024-08-29T21:04:51.266+09:00 TRACE 42267 --- [wallet-service] [    Test worker] KafkaListenerAnnotationBeanPostProcessor : No @KafkaListener annotations found on bean type: class org.springframework.kafka.core.KafkaAdmin
2024-08-29T21:04:51.269+09:00 TRACE 42267 --- [wallet-service] [    Test worker] KafkaListenerAnnotationBeanPostProcessor : No @KafkaListener annotations found on bean type: class org.springframework.boot.autoconfigure.reactor.ReactorProperties
2024-08-29T21:04:51.270+09:00 TRACE 42267 --- [wallet-service] [    Test worker] KafkaListenerAnnotationBeanPostProcessor : No @KafkaListener annotations found on bean type: class org.springframework.boot.autoconfigure.reactor.ReactorAutoConfiguration
2024-08-29T21:04:51.270+09:00 TRACE 42267 --- [wallet-service] [    Test worker] KafkaListenerAnnotationBeanPostProcessor : No @KafkaListener annotations found on bean type: class org.springframework.boot.autoconfigure.sql.init.SqlInitializationAutoConfiguration
2024-08-29T21:04:51.271+09:00 TRACE 42267 --- [wallet-service] [    Test worker] KafkaListenerAnnotationBeanPostProcessor : No @KafkaListener annotations found on bean type: class org.springframework.boot.autoconfigure.jdbc.DataSourceTransactionManagerAutoConfiguration$JdbcTransactionManagerConfiguration
2024-08-29T21:04:51.271+09:00 TRACE 42267 --- [wallet-service] [    Test worker] KafkaListenerAnnotationBeanPostProcessor : No @KafkaListener annotations found on bean type: class org.springframework.boot.autoconfigure.jdbc.DataSourceTransactionManagerAutoConfiguration
2024-08-29T21:04:51.271+09:00 TRACE 42267 --- [wallet-service] [    Test worker] KafkaListenerAnnotationBeanPostProcessor : No @KafkaListener annotations found on bean type: class org.springframework.boot.autoconfigure.transaction.TransactionAutoConfiguration$EnableTransactionManagementConfiguration$CglibAutoProxyConfiguration
2024-08-29T21:04:51.272+09:00 TRACE 42267 --- [wallet-service] [    Test worker] KafkaListenerAnnotationBeanPostProcessor : No @KafkaListener annotations found on bean type: class org.springframework.boot.autoconfigure.transaction.TransactionAutoConfiguration$EnableTransactionManagementConfiguration
2024-08-29T21:04:51.273+09:00 TRACE 42267 --- [wallet-service] [    Test worker] KafkaListenerAnnotationBeanPostProcessor : No @KafkaListener annotations found on bean type: class org.springframework.boot.autoconfigure.transaction.TransactionAutoConfiguration
2024-08-29T21:04:51.273+09:00 TRACE 42267 --- [wallet-service] [    Test worker] KafkaListenerAnnotationBeanPostProcessor : No @KafkaListener annotations found on bean type: class org.springframework.boot.autoconfigure.web.client.RestClientAutoConfiguration
2024-08-29T21:04:51.274+09:00 TRACE 42267 --- [wallet-service] [    Test worker] KafkaListenerAnnotationBeanPostProcessor : No @KafkaListener annotations found on bean type: class org.springframework.boot.autoconfigure.web.client.HttpMessageConvertersRestClientCustomizer
2024-08-29T21:04:51.275+09:00 TRACE 42267 --- [wallet-service] [    Test worker] KafkaListenerAnnotationBeanPostProcessor : No @KafkaListener annotations found on bean type: class org.springframework.boot.autoconfigure.web.client.AutoConfiguredRestClientSsl
2024-08-29T21:04:51.276+09:00 TRACE 42267 --- [wallet-service] [    Test worker] KafkaListenerAnnotationBeanPostProcessor : No @KafkaListener annotations found on bean type: class org.springframework.boot.autoconfigure.web.client.RestClientBuilderConfigurer
2024-08-29T21:04:51.276+09:00 TRACE 42267 --- [wallet-service] [    Test worker] KafkaListenerAnnotationBeanPostProcessor : No @KafkaListener annotations found on bean type: class org.springframework.boot.autoconfigure.web.client.RestTemplateAutoConfiguration
2024-08-29T21:04:51.278+09:00 TRACE 42267 --- [wallet-service] [    Test worker] KafkaListenerAnnotationBeanPostProcessor : No @KafkaListener annotations found on bean type: class org.springframework.boot.web.servlet.filter.OrderedCharacterEncodingFilter
[...]
2024-08-29T21:04:53.867+09:00 DEBUG 42267 --- [wallet-service] [pool-6-thread-1] o.s.orm.jpa.JpaTransactionManager        : Initiating transaction commit
2024-08-29T21:04:53.867+09:00 DEBUG 42267 --- [wallet-service] [pool-6-thread-3] o.s.orm.jpa.JpaTransactionManager        : Initiating transaction commit
2024-08-29T21:04:53.868+09:00 DEBUG 42267 --- [wallet-service] [pool-6-thread-1] o.s.orm.jpa.JpaTransactionManager        : Committing JPA transaction on EntityManager [SessionImpl(238444706<open>)]
2024-08-29T21:04:53.868+09:00 DEBUG 42267 --- [wallet-service] [pool-6-thread-3] o.s.orm.jpa.JpaTransactionManager        : Committing JPA transaction on EntityManager [SessionImpl(1461110749<open>)]
Hibernate: 
    update
        wallets 
    set
        balance=?,
        user_id=?,
        version=? 
    where
        id=? 
        and version=?
Hibernate: 
    update
        wallets 
    set
        balance=?,
        user_id=?,
        version=? 
    where
        id=? 
        and version=?
Hibernate: 
    update
        wallets 
    set
        balance=?,
        user_id=?,
        version=? 
    where
        id=? 
        and version=?
2024-08-29T21:04:53.876+09:00 DEBUG 42267 --- [wallet-service] [pool-6-thread-3] o.s.orm.jpa.JpaTransactionManager        : Closing JPA EntityManager [SessionImpl(1461110749<open>)] after transaction
Hibernate: 
    select
        jwe1_0.id,
        jwe1_0.balance,
        jwe1_0.user_id,
        jwe1_0.version 
    from
        wallets jwe1_0 
    where
        jwe1_0.id=?
2024-08-29T21:04:53.880+09:00 DEBUG 42267 --- [wallet-service] [pool-6-thread-1] o.s.orm.jpa.JpaTransactionManager        : Initiating transaction rollback after commit exception

org.springframework.orm.ObjectOptimisticLockingFailureException: Row was updated or deleted by another transaction (or unsaved-value mapping was incorrect) : [org.example.walletservice.wallet.adapter.out.persistence.entity.JpaWalletEntity#42]
	at org.springframework.orm.jpa.vendor.HibernateJpaDialect.convertHibernateAccessException(HibernateJpaDialect.java:325) ~[spring-orm-6.1.12.jar:6.1.12]
	at org.springframework.orm.jpa.vendor.HibernateJpaDialect.translateExceptionIfPossible(HibernateJpaDialect.java:244) ~[spring-orm-6.1.12.jar:6.1.12]
	at org.springframework.orm.jpa.JpaTransactionManager.doCommit(JpaTransactionManager.java:566) ~[spring-orm-6.1.12.jar:6.1.12]
	at org.springframework.transaction.support.AbstractPlatformTransactionManager.processCommit(AbstractPlatformTransactionManager.java:795) ~[spring-tx-6.1.12.jar:6.1.12]
	at org.springframework.transaction.support.AbstractPlatformTransactionManager.commit(AbstractPlatformTransactionManager.java:758) ~[spring-tx-6.1.12.jar:6.1.12]
	at org.springframework.transaction.support.TransactionTemplate.execute(TransactionTemplate.java:152) ~[spring-tx-6.1.12.jar:6.1.12]
	at org.example.walletservice.wallet.adapter.out.persistence.repsitory.JpaWalletRepository.performSaveOperationWithRecent(JpaWalletRepository.kt:69) ~[main/:na]
	at org.example.walletservice.wallet.adapter.out.persistence.repsitory.JpaWalletRepository.retrySaveOperation(JpaWalletRepository.kt:48) ~[main/:na]
	at org.example.walletservice.wallet.adapter.out.persistence.repsitory.JpaWalletRepository.retrySaveOperation$default(JpaWalletRepository.kt:43) ~[main/:na]
	at org.example.walletservice.wallet.adapter.out.persistence.repsitory.JpaWalletRepository.save(JpaWalletRepository.kt:31) ~[main/:na]
	at java.base/jdk.internal.reflect.NativeMethodAccessorImpl.invoke0(Native Method) ~[na:na]
	at java.base/jdk.internal.reflect.NativeMethodAccessorImpl.invoke(NativeMethodAccessorImpl.java:77) ~[na:na]
	at java.base/jdk.internal.reflect.DelegatingMethodAccessorImpl.invoke(DelegatingMethodAccessorImpl.java:43) ~[na:na]
	at java.base/java.lang.reflect.Method.invoke(Method.java:568) ~[na:na]
	at org.springframework.aop.support.AopUtils.invokeJoinpointUsingReflection(AopUtils.java:355) ~[spring-aop-6.1.12.jar:6.1.12]
	at org.springframework.aop.framework.ReflectiveMethodInvocation.invokeJoinpoint(ReflectiveMethodInvocation.java:196) ~[spring-aop-6.1.12.jar:6.1.12]
	at org.springframework.aop.framework.ReflectiveMethodInvocation.proceed(ReflectiveMethodInvocation.java:163) ~[spring-aop-6.1.12.jar:6.1.12]
	at org.springframework.aop.framework.CglibAopProxy$CglibMethodInvocation.proceed(CglibAopProxy.java:768) ~[spring-aop-6.1.12.jar:6.1.12]
	at org.springframework.dao.support.PersistenceExceptionTranslationInterceptor.invoke(PersistenceExceptionTranslationInterceptor.java:138) ~[spring-tx-6.1.12.jar:6.1.12]
	at org.springframework.aop.framework.ReflectiveMethodInvocation.proceed(ReflectiveMethodInvocation.java:184) ~[spring-aop-6.1.12.jar:6.1.12]
	at org.springframework.aop.framework.CglibAopProxy$CglibMethodInvocation.proceed(CglibAopProxy.java:768) ~[spring-aop-6.1.12.jar:6.1.12]
	at org.springframework.aop.framework.CglibAopProxy$DynamicAdvisedInterceptor.intercept(CglibAopProxy.java:720) ~[spring-aop-6.1.12.jar:6.1.12]
	at org.example.walletservice.wallet.adapter.out.persistence.repsitory.JpaWalletRepository$$SpringCGLIB$$0.save(<generated>) ~[main/:na]
	at org.example.walletservice.wallet.adapter.out.persistence.repsitory.JpaWalletRepositoryTest.should_update_the_balance_of_wallet_successfully_when_execute_the_updated_command_at_the_same_time$lambda$0(JpaWalletRepositoryTest.kt:87) ~[test/:na]
	at java.base/java.util.concurrent.Executors$RunnableAdapter.call(Executors.java:539) ~[na:na]
	at java.base/java.util.concurrent.FutureTask.run(FutureTask.java:264) ~[na:na]
	at java.base/java.util.concurrent.ThreadPoolExecutor.runWorker(ThreadPoolExecutor.java:1136) ~[na:na]
	at java.base/java.util.concurrent.ThreadPoolExecutor$Worker.run(ThreadPoolExecutor.java:635) ~[na:na]
	at java.base/java.lang.Thread.run(Thread.java:840) ~[na:na]
Caused by: org.hibernate.StaleObjectStateException: Row was updated or deleted by another transaction (or unsaved-value mapping was incorrect) : [org.example.walletservice.wallet.adapter.out.persistence.entity.JpaWalletEntity#42]
	at org.hibernate.engine.jdbc.mutation.internal.ModelMutationHelper.identifiedResultsCheck(ModelMutationHelper.java:75) ~[hibernate-core-6.4.10.Final.jar:6.4.10.Final]
	at org.hibernate.persister.entity.mutation.UpdateCoordinatorStandard.lambda$doStaticUpdate$8(UpdateCoordinatorStandard.java:782) ~[hibernate-core-6.4.10.Final.jar:6.4.10.Final]
	at org.hibernate.engine.jdbc.mutation.internal.ModelMutationHelper.checkResults(ModelMutationHelper.java:50) ~[hibernate-core-6.4.10.Final.jar:6.4.10.Final]
	at org.hibernate.engine.jdbc.mutation.internal.AbstractMutationExecutor.performNonBatchedMutation(AbstractMutationExecutor.java:115) ~[hibernate-core-6.4.10.Final.jar:6.4.10.Final]
	at org.hibernate.engine.jdbc.mutation.internal.MutationExecutorSingleNonBatched.performNonBatchedOperations(MutationExecutorSingleNonBatched.java:40) ~[hibernate-core-6.4.10.Final.jar:6.4.10.Final]
	at org.hibernate.engine.jdbc.mutation.internal.AbstractMutationExecutor.execute(AbstractMutationExecutor.java:52) ~[hibernate-core-6.4.10.Final.jar:6.4.10.Final]
	at org.hibernate.persister.entity.mutation.UpdateCoordinatorStandard.doStaticUpdate(UpdateCoordinatorStandard.java:778) ~[hibernate-core-6.4.10.Final.jar:6.4.10.Final]
	at org.hibernate.persister.entity.mutation.UpdateCoordinatorStandard.performUpdate(UpdateCoordinatorStandard.java:324) ~[hibernate-core-6.4.10.Final.jar:6.4.10.Final]
	at org.hibernate.persister.entity.mutation.UpdateCoordinatorStandard.coordinateUpdate(UpdateCoordinatorStandard.java:242) ~[hibernate-core-6.4.10.Final.jar:6.4.10.Final]
	at org.hibernate.persister.entity.AbstractEntityPersister.update(AbstractEntityPersister.java:2804) ~[hibernate-core-6.4.10.Final.jar:6.4.10.Final]
	at org.hibernate.action.internal.EntityUpdateAction.execute(EntityUpdateAction.java:168) ~[hibernate-core-6.4.10.Final.jar:6.4.10.Final]
	at org.hibernate.engine.spi.ActionQueue.executeActions(ActionQueue.java:632) ~[hibernate-core-6.4.10.Final.jar:6.4.10.Final]
	at org.hibernate.engine.spi.ActionQueue.executeActions(ActionQueue.java:499) ~[hibernate-core-6.4.10.Final.jar:6.4.10.Final]
	at org.hibernate.event.internal.AbstractFlushingEventListener.performExecutions(AbstractFlushingEventListener.java:377) ~[hibernate-core-6.4.10.Final.jar:6.4.10.Final]
	at org.hibernate.event.internal.DefaultFlushEventListener.onFlush(DefaultFlushEventListener.java:41) ~[hibernate-core-6.4.10.Final.jar:6.4.10.Final]
	at org.hibernate.event.service.internal.EventListenerGroupImpl.fireEventOnEachListener(EventListenerGroupImpl.java:127) ~[hibernate-core-6.4.10.Final.jar:6.4.10.Final]
	at org.hibernate.internal.SessionImpl.doFlush(SessionImpl.java:1407) ~[hibernate-core-6.4.10.Final.jar:6.4.10.Final]
	at org.hibernate.internal.SessionImpl.managedFlush(SessionImpl.java:488) ~[hibernate-core-6.4.10.Final.jar:6.4.10.Final]
	at org.hibernate.internal.SessionImpl.flushBeforeTransactionCompletion(SessionImpl.java:2329) ~[hibernate-core-6.4.10.Final.jar:6.4.10.Final]
	at org.hibernate.internal.SessionImpl.beforeTransactionCompletion(SessionImpl.java:1986) ~[hibernate-core-6.4.10.Final.jar:6.4.10.Final]
	at org.hibernate.engine.jdbc.internal.JdbcCoordinatorImpl.beforeTransactionCompletion(JdbcCoordinatorImpl.java:439) ~[hibernate-core-6.4.10.Final.jar:6.4.10.Final]
	at org.hibernate.resource.transaction.backend.jdbc.internal.JdbcResourceLocalTransactionCoordinatorImpl.beforeCompletionCallback(JdbcResourceLocalTransactionCoordinatorImpl.java:169) ~[hibernate-core-6.4.10.Final.jar:6.4.10.Final]
	at org.hibernate.resource.transaction.backend.jdbc.internal.JdbcResourceLocalTransactionCoordinatorImpl$TransactionDriverControlImpl.commit(JdbcResourceLocalTransactionCoordinatorImpl.java:267) ~[hibernate-core-6.4.10.Final.jar:6.4.10.Final]
	at org.hibernate.engine.transaction.internal.TransactionImpl.commit(TransactionImpl.java:101) ~[hibernate-core-6.4.10.Final.jar:6.4.10.Final]
	at org.springframework.orm.jpa.JpaTransactionManager.doCommit(JpaTransactionManager.java:562) ~[spring-orm-6.1.12.jar:6.1.12]
	... 26 common frames omitted

2024-08-29T21:04:53.881+09:00 DEBUG 42267 --- [wallet-service] [pool-6-thread-1] o.s.orm.jpa.JpaTransactionManager        : Rolling back JPA transaction on EntityManager [SessionImpl(238444706<open>)]
2024-08-29T21:04:53.881+09:00 DEBUG 42267 --- [wallet-service] [pool-6-thread-1] o.s.orm.jpa.JpaTransactionManager        : Closing JPA EntityManager [SessionImpl(238444706<open>)] after transaction
2024-08-29T21:04:53.973+09:00 TRACE 42267 --- [wallet-service] [pool-6-thread-1] o.s.t.i.TransactionInterceptor           : No need to create transaction for [org.springframework.data.jpa.repository.support.SimpleJpaRepository.findByIdIn]: This method is not transactional.
2024-08-29T21:04:53.974+09:00 DEBUG 42267 --- [wallet-service] [pool-6-thread-1] tor$SharedEntityManagerInvocationHandler : Creating new EntityManager for shared EntityManager invocation
Hibernate: 
    select
        jwe1_0.id,
        jwe1_0.balance,
        jwe1_0.user_id,
        jwe1_0.version 
    from
        wallets jwe1_0 
    where
        jwe1_0.id in (?, ?)
2024-08-29T21:04:53.976+09:00 DEBUG 42267 --- [wallet-service] [pool-6-thread-1] o.s.orm.jpa.JpaTransactionManager        : Creating new transaction with name [null]: PROPAGATION_REQUIRED,ISOLATION_DEFAULT
2024-08-29T21:04:53.976+09:00 DEBUG 42267 --- [wallet-service] [pool-6-thread-1] o.s.orm.jpa.JpaTransactionManager        : Opened new EntityManager [SessionImpl(2028143301<open>)] for JPA transaction
2024-08-29T21:04:53.977+09:00 DEBUG 42267 --- [wallet-service] [pool-6-thread-1] o.s.orm.jpa.JpaTransactionManager        : Exposing JPA transaction as JDBC [org.springframework.orm.jpa.vendor.HibernateJpaDialect$HibernateConnectionHandle@6699648]
2024-08-29T21:04:53.977+09:00 DEBUG 42267 --- [wallet-service] [pool-6-thread-1] o.s.orm.jpa.JpaTransactionManager        : Found thread-bound EntityManager [SessionImpl(2028143301<open>)] for JPA transaction
2024-08-29T21:04:53.977+09:00 DEBUG 42267 --- [wallet-service] [pool-6-thread-1] o.s.orm.jpa.JpaTransactionManager        : Participating in existing transaction
2024-08-29T21:04:53.977+09:00 TRACE 42267 --- [wallet-service] [pool-6-thread-1] o.s.t.i.TransactionInterceptor           : Getting transaction for [org.springframework.data.jpa.repository.support.SimpleJpaRepository.saveAll]
Hibernate: 
    select
        jwe1_0.id,
        jwe1_0.balance,
        jwe1_0.user_id,
        jwe1_0.version 
    from
        wallets jwe1_0 
    where
        jwe1_0.id=?
Hibernate: 
    select
        jwe1_0.id,
        jwe1_0.balance,
        jwe1_0.user_id,
        jwe1_0.version 
    from
        wallets jwe1_0 
    where
        jwe1_0.id=?
2024-08-29T21:04:53.980+09:00 TRACE 42267 --- [wallet-service] [pool-6-thread-1] o.s.t.i.TransactionInterceptor           : Completing transaction for [org.springframework.data.jpa.repository.support.SimpleJpaRepository.saveAll]
2024-08-29T21:04:53.980+09:00 DEBUG 42267 --- [wallet-service] [pool-6-thread-1] o.s.orm.jpa.JpaTransactionManager        : Found thread-bound EntityManager [SessionImpl(2028143301<open>)] for JPA transaction
2024-08-29T21:04:53.980+09:00 DEBUG 42267 --- [wallet-service] [pool-6-thread-1] o.s.orm.jpa.JpaTransactionManager        : Participating in existing transaction
2024-08-29T21:04:53.980+09:00 TRACE 42267 --- [wallet-service] [pool-6-thread-1] o.s.t.i.TransactionInterceptor           : Getting transaction for [org.example.walletservice.wallet.adapter.out.persistence.repsitory.JpaWalletTransactionRepository.save]
2024-08-29T21:04:53.981+09:00 DEBUG 42267 --- [wallet-service] [pool-6-thread-1] o.s.orm.jpa.JpaTransactionManager        : Found thread-bound EntityManager [SessionImpl(2028143301<open>)] for JPA transaction
2024-08-29T21:04:53.981+09:00 DEBUG 42267 --- [wallet-service] [pool-6-thread-1] o.s.orm.jpa.JpaTransactionManager        : Participating in existing transaction
2024-08-29T21:04:53.981+09:00 TRACE 42267 --- [wallet-service] [pool-6-thread-1] o.s.t.i.TransactionInterceptor           : Getting transaction for [org.springframework.data.jpa.repository.support.SimpleJpaRepository.saveAll]
Hibernate: 
    insert 
    into
        wallet_transactions
        (amount, idempotency_key, order_id, reference_id, reference_type, type, wallet_id) 
    values
        (?, ?, ?, ?, ?, ?, ?)
Hibernate: 
    insert 
    into
        wallet_transactions
        (amount, idempotency_key, order_id, reference_id, reference_type, type, wallet_id) 
    values
        (?, ?, ?, ?, ?, ?, ?)
2024-08-29T21:04:53.984+09:00 TRACE 42267 --- [wallet-service] [pool-6-thread-1] o.s.t.i.TransactionInterceptor           : Completing transaction for [org.springframework.data.jpa.repository.support.SimpleJpaRepository.saveAll]
2024-08-29T21:04:53.984+09:00 TRACE 42267 --- [wallet-service] [pool-6-thread-1] o.s.t.i.TransactionInterceptor           : Completing transaction for [org.example.walletservice.wallet.adapter.out.persistence.repsitory.JpaWalletTransactionRepository.save]
2024-08-29T21:04:53.984+09:00 DEBUG 42267 --- [wallet-service] [pool-6-thread-1] o.s.orm.jpa.JpaTransactionManager        : Initiating transaction commit
2024-08-29T21:04:53.984+09:00 DEBUG 42267 --- [wallet-service] [pool-6-thread-1] o.s.orm.jpa.JpaTransactionManager        : Committing JPA transaction on EntityManager [SessionImpl(2028143301<open>)]
Hibernate: 
    update
        wallets 
    set
        balance=?,
        user_id=?,
        version=? 
    where
        id=? 
        and version=?
Hibernate: 
    update
        wallets 
    set
        balance=?,
        user_id=?,
        version=? 
    where
        id=? 
        and version=?
2024-08-29T21:04:53.991+09:00 DEBUG 42267 --- [wallet-service] [pool-6-thread-1] o.s.orm.jpa.JpaTransactionManager        : Closing JPA EntityManager [SessionImpl(2028143301<open>)] after transaction
2024-08-29T21:04:53.991+09:00 DEBUG 42267 --- [wallet-service] [    Test worker] o.s.orm.jpa.JpaTransactionManager        : Creating new transaction with name [org.springframework.data.jpa.repository.support.SimpleJpaRepository.findById]: PROPAGATION_REQUIRED,ISOLATION_DEFAULT,readOnly
2024-08-29T21:04:53.991+09:00 DEBUG 42267 --- [wallet-service] [    Test worker] o.s.orm.jpa.JpaTransactionManager        : Opened new EntityManager [SessionImpl(435964064<open>)] for JPA transaction
2024-08-29T21:04:53.992+09:00 DEBUG 42267 --- [wallet-service] [    Test worker] o.s.orm.jpa.JpaTransactionManager        : Exposing JPA transaction as JDBC [org.springframework.orm.jpa.vendor.HibernateJpaDialect$HibernateConnectionHandle@3edea9e6]
2024-08-29T21:04:53.992+09:00 TRACE 42267 --- [wallet-service] [    Test worker] o.s.t.i.TransactionInterceptor           : Getting transaction for [org.springframework.data.jpa.repository.support.SimpleJpaRepository.findById]
Hibernate: 
    select
        jwe1_0.id,
        jwe1_0.balance,
        jwe1_0.user_id,
        jwe1_0.version 
    from
        wallets jwe1_0 
    where
        jwe1_0.id=?
2024-08-29T21:04:53.993+09:00 TRACE 42267 --- [wallet-service] [    Test worker] o.s.t.i.TransactionInterceptor           : Completing transaction for [org.springframework.data.jpa.repository.support.SimpleJpaRepository.findById]
2024-08-29T21:04:53.994+09:00 DEBUG 42267 --- [wallet-service] [    Test worker] o.s.orm.jpa.JpaTransactionManager        : Initiating transaction commit
2024-08-29T21:04:53.994+09:00 DEBUG 42267 --- [wallet-service] [    Test worker] o.s.orm.jpa.JpaTransactionManager        : Committing JPA transaction on EntityManager [SessionImpl(435964064<open>)]
2024-08-29T21:04:53.995+09:00 DEBUG 42267 --- [wallet-service] [    Test worker] o.s.orm.jpa.JpaTransactionManager        : Closing JPA EntityManager [SessionImpl(435964064<open>)] after transaction
2024-08-29T21:04:53.995+09:00 DEBUG 42267 --- [wallet-service] [    Test worker] o.s.orm.jpa.JpaTransactionManager        : Creating new transaction with name [org.springframework.data.jpa.repository.support.SimpleJpaRepository.findById]: PROPAGATION_REQUIRED,ISOLATION_DEFAULT,readOnly
2024-08-29T21:04:53.995+09:00 DEBUG 42267 --- [wallet-service] [    Test worker] o.s.orm.jpa.JpaTransactionManager        : Opened new EntityManager [SessionImpl(1878099363<open>)] for JPA transaction
2024-08-29T21:04:53.996+09:00 DEBUG 42267 --- [wallet-service] [    Test worker] o.s.orm.jpa.JpaTransactionManager        : Exposing JPA transaction as JDBC [org.springframework.orm.jpa.vendor.HibernateJpaDialect$HibernateConnectionHandle@320d98f5]
2024-08-29T21:04:53.996+09:00 TRACE 42267 --- [wallet-service] [    Test worker] o.s.t.i.TransactionInterceptor           : Getting transaction for [org.springframework.data.jpa.repository.support.SimpleJpaRepository.findById]
Hibernate: 
    select
        jwe1_0.id,
        jwe1_0.balance,
        jwe1_0.user_id,
        jwe1_0.version 
    from
        wallets jwe1_0 
    where
        jwe1_0.id=?
2024-08-29T21:04:53.998+09:00 TRACE 42267 --- [wallet-service] [    Test worker] o.s.t.i.TransactionInterceptor           : Completing transaction for [org.springframework.data.jpa.repository.support.SimpleJpaRepository.findById]
2024-08-29T21:04:53.998+09:00 DEBUG 42267 --- [wallet-service] [    Test worker] o.s.orm.jpa.JpaTransactionManager        : Initiating transaction commit
2024-08-29T21:04:53.998+09:00 DEBUG 42267 --- [wallet-service] [    Test worker] o.s.orm.jpa.JpaTransactionManager        : Committing JPA transaction on EntityManager [SessionImpl(1878099363<open>)]
2024-08-29T21:04:54.000+09:00 DEBUG 42267 --- [wallet-service] [    Test worker] o.s.orm.jpa.JpaTransactionManager        : Closing JPA EntityManager [SessionImpl(1878099363<open>)] after transaction
]]></system-out>
  <system-err><![CDATA[]]></system-err>
</testsuite>
